{"meta": {"format": 3, "version": "7.8.0", "timestamp": "2025-10-31T21:57:56.702925", "branch_coverage": false, "show_contexts": false}, "files": {"src\\cde_orchestrator\\__init__.py": {"executed_lines": [0], "summary": {"covered_lines": 0, "num_statements": 0, "percent_covered": 100.0, "percent_covered_display": "100", "missing_lines": 0, "excluded_lines": 0}, "missing_lines": [], "excluded_lines": [], "functions": {"": {"executed_lines": [], "summary": {"covered_lines": 0, "num_statements": 0, "percent_covered": 100.0, "percent_covered_display": "100", "missing_lines": 0, "excluded_lines": 0}, "missing_lines": [], "excluded_lines": []}}, "classes": {"": {"executed_lines": [], "summary": {"covered_lines": 0, "num_statements": 0, "percent_covered": 100.0, "percent_covered_display": "100", "missing_lines": 0, "excluded_lines": 0}, "missing_lines": [], "excluded_lines": []}}}, "src\\cde_orchestrator\\models.py": {"executed_lines": [2, 3, 4, 6, 9, 10, 11, 12, 13, 14, 15, 16, 17, 18, 21, 22, 23, 24, 25, 26, 27, 28, 31, 32, 33, 34, 35, 36, 37, 38, 39, 40, 41, 42, 43, 44, 45, 47, 48, 50, 51, 52, 53, 54, 55, 59, 60, 62, 64, 66, 67, 69, 70, 72, 73, 84, 85, 100, 102, 104, 105, 106, 107, 108, 109, 110, 112, 115, 116, 117, 118, 121, 122, 123, 124, 125, 128, 129, 130, 131, 132, 133, 134, 135, 138, 139, 140, 141, 142, 145, 146, 147, 148, 149, 150, 151, 152, 155, 156, 157, 158, 159, 160, 161, 162, 163, 164, 167, 168, 169, 170, 171, 172, 173, 174], "summary": {"covered_lines": 105, "num_statements": 111, "percent_covered": 94.5945945945946, "percent_covered_display": "95", "missing_lines": 6, "excluded_lines": 0}, "missing_lines": [56, 57, 63, 92, 93, 111], "excluded_lines": [], "functions": {"FeatureState.ensure_datetime": {"executed_lines": [50, 51, 52, 53, 54, 55], "summary": {"covered_lines": 6, "num_statements": 8, "percent_covered": 75.0, "percent_covered_display": "75", "missing_lines": 2, "excluded_lines": 0}, "missing_lines": [56, 57], "excluded_lines": []}, "FeatureState.ensure_prompt_not_empty": {"executed_lines": [62, 64], "summary": {"covered_lines": 2, "num_statements": 3, "percent_covered": 66.66666666666667, "percent_covered_display": "67", "missing_lines": 1, "excluded_lines": 0}, "missing_lines": [63], "excluded_lines": []}, "FeatureState.validate_phase_matches_status": {"executed_lines": [69, 70, 72, 73, 84, 85, 100], "summary": {"covered_lines": 7, "num_statements": 9, "percent_covered": 77.77777777777777, "percent_covered_display": "78", "missing_lines": 2, "excluded_lines": 0}, "missing_lines": [92, 93], "excluded_lines": []}, "FeatureState.serialize": {"executed_lines": [104, 105, 106, 107, 108, 109, 110, 112], "summary": {"covered_lines": 8, "num_statements": 9, "percent_covered": 88.88888888888889, "percent_covered_display": "89", "missing_lines": 1, "excluded_lines": 0}, "missing_lines": [111], "excluded_lines": []}, "": {"executed_lines": [2, 3, 4, 6, 9, 10, 11, 12, 13, 14, 15, 16, 17, 18, 21, 22, 23, 24, 25, 26, 27, 28, 31, 32, 33, 34, 35, 36, 37, 38, 39, 40, 41, 42, 43, 44, 45, 47, 48, 59, 60, 66, 67, 102, 115, 116, 117, 118, 121, 122, 123, 124, 125, 128, 129, 130, 131, 132, 133, 134, 135, 138, 139, 140, 141, 142, 145, 146, 147, 148, 149, 150, 151, 152, 155, 156, 157, 158, 159, 160, 161, 162, 163, 164, 167, 168, 169, 170, 171, 172, 173, 174], "summary": {"covered_lines": 82, "num_statements": 82, "percent_covered": 100.0, "percent_covered_display": "100", "missing_lines": 0, "excluded_lines": 0}, "missing_lines": [], "excluded_lines": []}}, "classes": {"FeatureStatus": {"executed_lines": [], "summary": {"covered_lines": 0, "num_statements": 0, "percent_covered": 100.0, "percent_covered_display": "100", "missing_lines": 0, "excluded_lines": 0}, "missing_lines": [], "excluded_lines": []}, "PhaseStatus": {"executed_lines": [], "summary": {"covered_lines": 0, "num_statements": 0, "percent_covered": 100.0, "percent_covered_display": "100", "missing_lines": 0, "excluded_lines": 0}, "missing_lines": [], "excluded_lines": []}, "FeatureState": {"executed_lines": [50, 51, 52, 53, 54, 55, 62, 64, 69, 70, 72, 73, 84, 85, 100, 104, 105, 106, 107, 108, 109, 110, 112], "summary": {"covered_lines": 23, "num_statements": 29, "percent_covered": 79.3103448275862, "percent_covered_display": "79", "missing_lines": 6, "excluded_lines": 0}, "missing_lines": [56, 57, 63, 92, 93, 111], "excluded_lines": []}, "WorkflowInput": {"executed_lines": [], "summary": {"covered_lines": 0, "num_statements": 0, "percent_covered": 100.0, "percent_covered_display": "100", "missing_lines": 0, "excluded_lines": 0}, "missing_lines": [], "excluded_lines": []}, "WorkflowOutput": {"executed_lines": [], "summary": {"covered_lines": 0, "num_statements": 0, "percent_covered": 100.0, "percent_covered_display": "100", "missing_lines": 0, "excluded_lines": 0}, "missing_lines": [], "excluded_lines": []}, "Phase": {"executed_lines": [], "summary": {"covered_lines": 0, "num_statements": 0, "percent_covered": 100.0, "percent_covered_display": "100", "missing_lines": 0, "excluded_lines": 0}, "missing_lines": [], "excluded_lines": []}, "Workflow": {"executed_lines": [], "summary": {"covered_lines": 0, "num_statements": 0, "percent_covered": 100.0, "percent_covered_display": "100", "missing_lines": 0, "excluded_lines": 0}, "missing_lines": [], "excluded_lines": []}, "Task": {"executed_lines": [], "summary": {"covered_lines": 0, "num_statements": 0, "percent_covered": 100.0, "percent_covered_display": "100", "missing_lines": 0, "excluded_lines": 0}, "missing_lines": [], "excluded_lines": []}, "Recipe": {"executed_lines": [], "summary": {"covered_lines": 0, "num_statements": 0, "percent_covered": 100.0, "percent_covered_display": "100", "missing_lines": 0, "excluded_lines": 0}, "missing_lines": [], "excluded_lines": []}, "WorkflowType": {"executed_lines": [], "summary": {"covered_lines": 0, "num_statements": 0, "percent_covered": 100.0, "percent_covered_display": "100", "missing_lines": 0, "excluded_lines": 0}, "missing_lines": [], "excluded_lines": []}, "": {"executed_lines": [2, 3, 4, 6, 9, 10, 11, 12, 13, 14, 15, 16, 17, 18, 21, 22, 23, 24, 25, 26, 27, 28, 31, 32, 33, 34, 35, 36, 37, 38, 39, 40, 41, 42, 43, 44, 45, 47, 48, 59, 60, 66, 67, 102, 115, 116, 117, 118, 121, 122, 123, 124, 125, 128, 129, 130, 131, 132, 133, 134, 135, 138, 139, 140, 141, 142, 145, 146, 147, 148, 149, 150, 151, 152, 155, 156, 157, 158, 159, 160, 161, 162, 163, 164, 167, 168, 169, 170, 171, 172, 173, 174], "summary": {"covered_lines": 82, "num_statements": 82, "percent_covered": 100.0, "percent_covered_display": "100", "missing_lines": 0, "excluded_lines": 0}, "missing_lines": [], "excluded_lines": []}}}, "src\\cde_orchestrator\\onboarding_analyzer.py": {"executed_lines": [], "summary": {"covered_lines": 0, "num_statements": 243, "percent_covered": 0.0, "percent_covered_display": "0", "missing_lines": 243, "excluded_lines": 0}, "missing_lines": [6, 7, 8, 9, 10, 11, 12, 14, 17, 24, 25, 26, 27, 28, 30, 37, 46, 54, 59, 60, 61, 62, 64, 65, 67, 68, 69, 70, 72, 73, 76, 77, 80, 82, 84, 91, 100, 101, 103, 105, 106, 107, 110, 111, 112, 113, 114, 115, 118, 119, 120, 121, 122, 123, 124, 131, 134, 135, 136, 137, 138, 139, 140, 141, 142, 145, 146, 148, 149, 151, 153, 155, 156, 157, 164, 165, 166, 167, 168, 169, 170, 171, 172, 174, 176, 177, 178, 179, 181, 182, 183, 184, 185, 186, 188, 190, 191, 192, 193, 196, 197, 198, 200, 202, 203, 204, 206, 212, 214, 216, 217, 218, 219, 220, 221, 222, 223, 224, 225, 232, 233, 234, 235, 236, 237, 238, 239, 240, 241, 242, 243, 244, 245, 246, 247, 249, 250, 251, 252, 253, 255, 256, 257, 258, 259, 261, 267, 269, 270, 271, 272, 278, 279, 280, 286, 288, 290, 291, 293, 303, 305, 306, 309, 310, 314, 315, 320, 321, 322, 326, 327, 332, 333, 334, 335, 339, 341, 348, 351, 361, 362, 363, 364, 365, 366, 367, 370, 371, 372, 373, 375, 377, 384, 386, 396, 397, 402, 409, 411, 414, 415, 416, 423, 429, 436, 437, 449, 450, 451, 452, 460, 461, 462, 464, 471, 472, 479, 480, 487, 488, 496, 506, 509, 514, 515, 517, 527, 533, 534, 535, 537, 538, 539, 541, 542, 543, 544, 545, 550, 552, 554, 590, 592], "excluded_lines": [], "functions": {"OnboardingAnalyzer.__init__": {"executed_lines": [], "summary": {"covered_lines": 0, "num_statements": 4, "percent_covered": 0.0, "percent_covered_display": "0", "missing_lines": 4, "excluded_lines": 0}, "missing_lines": [25, 26, 27, 28], "excluded_lines": []}, "OnboardingAnalyzer.needs_onboarding": {"executed_lines": [], "summary": {"covered_lines": 0, "num_statements": 19, "percent_covered": 0.0, "percent_covered_display": "0", "missing_lines": 19, "excluded_lines": 0}, "missing_lines": [37, 46, 54, 59, 60, 61, 62, 64, 65, 67, 68, 69, 70, 72, 73, 76, 77, 80, 82], "excluded_lines": []}, "OnboardingAnalyzer._analyze_git_history": {"executed_lines": [], "summary": {"covered_lines": 0, "num_statements": 35, "percent_covered": 0.0, "percent_covered_display": "0", "missing_lines": 35, "excluded_lines": 0}, "missing_lines": [91, 100, 101, 103, 105, 106, 107, 110, 111, 112, 113, 114, 115, 118, 119, 120, 121, 122, 123, 124, 131, 134, 135, 136, 137, 138, 139, 140, 141, 142, 145, 146, 148, 149, 151], "excluded_lines": []}, "OnboardingAnalyzer._run_git": {"executed_lines": [], "summary": {"covered_lines": 0, "num_statements": 12, "percent_covered": 0.0, "percent_covered_display": "0", "missing_lines": 12, "excluded_lines": 0}, "missing_lines": [155, 156, 157, 164, 165, 166, 167, 168, 169, 170, 171, 172], "excluded_lines": []}, "OnboardingAnalyzer._synthesize_repository": {"executed_lines": [], "summary": {"covered_lines": 0, "num_statements": 24, "percent_covered": 0.0, "percent_covered_display": "0", "missing_lines": 24, "excluded_lines": 0}, "missing_lines": [176, 177, 178, 179, 181, 182, 183, 184, 185, 186, 188, 190, 191, 192, 193, 196, 197, 198, 200, 202, 203, 204, 206, 212], "excluded_lines": []}, "OnboardingAnalyzer._detect_structure_anomalies": {"executed_lines": [], "summary": {"covered_lines": 0, "num_statements": 37, "percent_covered": 0.0, "percent_covered_display": "0", "missing_lines": 37, "excluded_lines": 0}, "missing_lines": [216, 217, 218, 219, 220, 221, 222, 223, 224, 225, 232, 233, 234, 235, 236, 237, 238, 239, 240, 241, 242, 243, 244, 245, 246, 247, 249, 250, 251, 252, 253, 255, 256, 257, 258, 259, 261], "excluded_lines": []}, "OnboardingAnalyzer._identify_document_updates": {"executed_lines": [], "summary": {"covered_lines": 0, "num_statements": 8, "percent_covered": 0.0, "percent_covered_display": "0", "missing_lines": 8, "excluded_lines": 0}, "missing_lines": [269, 270, 271, 272, 278, 279, 280, 286], "excluded_lines": []}, "OnboardingAnalyzer._is_git_repo": {"executed_lines": [], "summary": {"covered_lines": 0, "num_statements": 2, "percent_covered": 0.0, "percent_covered_display": "0", "missing_lines": 2, "excluded_lines": 0}, "missing_lines": [290, 291], "excluded_lines": []}, "OnboardingAnalyzer._generate_recommendations": {"executed_lines": [], "summary": {"covered_lines": 0, "num_statements": 17, "percent_covered": 0.0, "percent_covered_display": "0", "missing_lines": 17, "excluded_lines": 0}, "missing_lines": [303, 305, 306, 309, 310, 314, 315, 320, 321, 322, 326, 327, 332, 333, 334, 335, 339], "excluded_lines": []}, "OnboardingAnalyzer._detect_tech_stack": {"executed_lines": [], "summary": {"covered_lines": 0, "num_statements": 14, "percent_covered": 0.0, "percent_covered_display": "0", "missing_lines": 14, "excluded_lines": 0}, "missing_lines": [348, 351, 361, 362, 363, 364, 365, 366, 367, 370, 371, 372, 373, 375], "excluded_lines": []}, "OnboardingAnalyzer.generate_onboarding_plan": {"executed_lines": [], "summary": {"covered_lines": 0, "num_statements": 30, "percent_covered": 0.0, "percent_covered_display": "0", "missing_lines": 30, "excluded_lines": 0}, "missing_lines": [384, 386, 396, 397, 402, 409, 411, 414, 415, 416, 423, 429, 436, 437, 449, 450, 451, 452, 460, 461, 462, 464, 471, 472, 479, 480, 487, 488, 496, 506], "excluded_lines": []}, "SpecKitStructureGenerator.__init__": {"executed_lines": [], "summary": {"covered_lines": 0, "num_statements": 1, "percent_covered": 0.0, "percent_covered_display": "0", "missing_lines": 1, "excluded_lines": 0}, "missing_lines": [515], "excluded_lines": []}, "SpecKitStructureGenerator.create_structure": {"executed_lines": [], "summary": {"covered_lines": 0, "num_statements": 13, "percent_covered": 0.0, "percent_covered_display": "0", "missing_lines": 13, "excluded_lines": 0}, "missing_lines": [527, 533, 534, 535, 537, 538, 539, 541, 542, 543, 544, 545, 550], "excluded_lines": []}, "SpecKitStructureGenerator.generate_readme_template": {"executed_lines": [], "summary": {"covered_lines": 0, "num_statements": 1, "percent_covered": 0.0, "percent_covered_display": "0", "missing_lines": 1, "excluded_lines": 0}, "missing_lines": [554], "excluded_lines": []}, "SpecKitStructureGenerator.generate_constitution_template": {"executed_lines": [], "summary": {"covered_lines": 0, "num_statements": 1, "percent_covered": 0.0, "percent_covered_display": "0", "missing_lines": 1, "excluded_lines": 0}, "missing_lines": [592], "excluded_lines": []}, "": {"executed_lines": [], "summary": {"covered_lines": 0, "num_statements": 25, "percent_covered": 0.0, "percent_covered_display": "0", "missing_lines": 25, "excluded_lines": 0}, "missing_lines": [6, 7, 8, 9, 10, 11, 12, 14, 17, 24, 30, 84, 153, 174, 214, 267, 288, 293, 341, 377, 509, 514, 517, 552, 590], "excluded_lines": []}}, "classes": {"OnboardingAnalyzer": {"executed_lines": [], "summary": {"covered_lines": 0, "num_statements": 202, "percent_covered": 0.0, "percent_covered_display": "0", "missing_lines": 202, "excluded_lines": 0}, "missing_lines": [25, 26, 27, 28, 37, 46, 54, 59, 60, 61, 62, 64, 65, 67, 68, 69, 70, 72, 73, 76, 77, 80, 82, 91, 100, 101, 103, 105, 106, 107, 110, 111, 112, 113, 114, 115, 118, 119, 120, 121, 122, 123, 124, 131, 134, 135, 136, 137, 138, 139, 140, 141, 142, 145, 146, 148, 149, 151, 155, 156, 157, 164, 165, 166, 167, 168, 169, 170, 171, 172, 176, 177, 178, 179, 181, 182, 183, 184, 185, 186, 188, 190, 191, 192, 193, 196, 197, 198, 200, 202, 203, 204, 206, 212, 216, 217, 218, 219, 220, 221, 222, 223, 224, 225, 232, 233, 234, 235, 236, 237, 238, 239, 240, 241, 242, 243, 244, 245, 246, 247, 249, 250, 251, 252, 253, 255, 256, 257, 258, 259, 261, 269, 270, 271, 272, 278, 279, 280, 286, 290, 291, 303, 305, 306, 309, 310, 314, 315, 320, 321, 322, 326, 327, 332, 333, 334, 335, 339, 348, 351, 361, 362, 363, 364, 365, 366, 367, 370, 371, 372, 373, 375, 384, 386, 396, 397, 402, 409, 411, 414, 415, 416, 423, 429, 436, 437, 449, 450, 451, 452, 460, 461, 462, 464, 471, 472, 479, 480, 487, 488, 496, 506], "excluded_lines": []}, "SpecKitStructureGenerator": {"executed_lines": [], "summary": {"covered_lines": 0, "num_statements": 16, "percent_covered": 0.0, "percent_covered_display": "0", "missing_lines": 16, "excluded_lines": 0}, "missing_lines": [515, 527, 533, 534, 535, 537, 538, 539, 541, 542, 543, 544, 545, 550, 554, 592], "excluded_lines": []}, "": {"executed_lines": [], "summary": {"covered_lines": 0, "num_statements": 25, "percent_covered": 0.0, "percent_covered_display": "0", "missing_lines": 25, "excluded_lines": 0}, "missing_lines": [6, 7, 8, 9, 10, 11, 12, 14, 17, 24, 30, 84, 153, 174, 214, 267, 288, 293, 341, 377, 509, 514, 517, 552, 590], "excluded_lines": []}}}, "src\\cde_orchestrator\\prompt_manager.py": {"executed_lines": [2, 3, 4, 5, 7, 10, 11, 14, 15, 17, 18, 33, 38, 39, 43, 54, 57, 59, 60, 63, 64, 66, 67, 68, 69, 71, 72, 78, 82, 84, 85, 86, 87, 91, 98, 99, 100, 101, 105, 106, 108, 111, 114], "summary": {"covered_lines": 41, "num_statements": 46, "percent_covered": 89.1304347826087, "percent_covered_display": "89", "missing_lines": 5, "excluded_lines": 0}, "missing_lines": [55, 61, 73, 74, 109], "excluded_lines": [], "functions": {"PromptManager.__init__": {"executed_lines": [38, 39], "summary": {"covered_lines": 2, "num_statements": 2, "percent_covered": 100.0, "percent_covered_display": "100", "missing_lines": 0, "excluded_lines": 0}, "missing_lines": [], "excluded_lines": []}, "PromptManager.load_and_prepare": {"executed_lines": [54, 57, 59, 60, 63, 64, 66, 67, 68, 69, 71, 72, 78], "summary": {"covered_lines": 13, "num_statements": 17, "percent_covered": 76.47058823529412, "percent_covered_display": "76", "missing_lines": 4, "excluded_lines": 0}, "missing_lines": [55, 61, 73, 74], "excluded_lines": []}, "PromptManager._validate_placeholders": {"executed_lines": [84, 85, 86, 87], "summary": {"covered_lines": 4, "num_statements": 4, "percent_covered": 100.0, "percent_covered_display": "100", "missing_lines": 0, "excluded_lines": 0}, "missing_lines": [], "excluded_lines": []}, "PromptManager._validate_context": {"executed_lines": [98, 99, 100, 101], "summary": {"covered_lines": 4, "num_statements": 4, "percent_covered": 100.0, "percent_covered_display": "100", "missing_lines": 0, "excluded_lines": 0}, "missing_lines": [], "excluded_lines": []}, "PromptManager._sanitize_value": {"executed_lines": [108, 111, 114], "summary": {"covered_lines": 3, "num_statements": 4, "percent_covered": 75.0, "percent_covered_display": "75", "missing_lines": 1, "excluded_lines": 0}, "missing_lines": [109], "excluded_lines": []}, "": {"executed_lines": [2, 3, 4, 5, 7, 10, 11, 14, 15, 17, 18, 33, 43, 82, 91, 105, 106], "summary": {"covered_lines": 15, "num_statements": 15, "percent_covered": 100.0, "percent_covered_display": "100", "missing_lines": 0, "excluded_lines": 0}, "missing_lines": [], "excluded_lines": []}}, "classes": {"PromptValidationError": {"executed_lines": [], "summary": {"covered_lines": 0, "num_statements": 0, "percent_covered": 100.0, "percent_covered_display": "100", "missing_lines": 0, "excluded_lines": 0}, "missing_lines": [], "excluded_lines": []}, "PromptManager": {"executed_lines": [38, 39, 54, 57, 59, 60, 63, 64, 66, 67, 68, 69, 71, 72, 78, 84, 85, 86, 87, 98, 99, 100, 101, 108, 111, 114], "summary": {"covered_lines": 26, "num_statements": 31, "percent_covered": 83.87096774193549, "percent_covered_display": "84", "missing_lines": 5, "excluded_lines": 0}, "missing_lines": [55, 61, 73, 74, 109], "excluded_lines": []}, "": {"executed_lines": [2, 3, 4, 5, 7, 10, 11, 14, 15, 17, 18, 33, 43, 82, 91, 105, 106], "summary": {"covered_lines": 15, "num_statements": 15, "percent_covered": 100.0, "percent_covered_display": "100", "missing_lines": 0, "excluded_lines": 0}, "missing_lines": [], "excluded_lines": []}}}, "src\\cde_orchestrator\\recipe_manager.py": {"executed_lines": [], "summary": {"covered_lines": 0, "num_statements": 86, "percent_covered": 0.0, "percent_covered_display": "0", "missing_lines": 86, "excluded_lines": 0}, "missing_lines": [2, 3, 4, 6, 9, 12, 13, 14, 15, 17, 19, 20, 22, 23, 24, 25, 26, 27, 29, 31, 32, 35, 36, 39, 40, 41, 42, 43, 46, 47, 48, 50, 51, 52, 53, 54, 55, 56, 59, 60, 63, 64, 65, 66, 68, 69, 70, 72, 83, 85, 87, 89, 91, 93, 96, 106, 107, 108, 109, 110, 111, 114, 115, 116, 117, 118, 121, 122, 124, 126, 128, 129, 130, 132, 133, 136, 137, 138, 140, 142, 144, 145, 146, 147, 148, 149], "excluded_lines": [], "functions": {"RecipeManager.__init__": {"executed_lines": [], "summary": {"covered_lines": 0, "num_statements": 3, "percent_covered": 0.0, "percent_covered_display": "0", "missing_lines": 3, "excluded_lines": 0}, "missing_lines": [13, 14, 15], "excluded_lines": []}, "RecipeManager._load_recipes": {"executed_lines": [], "summary": {"covered_lines": 0, "num_statements": 8, "percent_covered": 0.0, "percent_covered_display": "0", "missing_lines": 8, "excluded_lines": 0}, "missing_lines": [19, 20, 22, 23, 24, 25, 26, 27], "excluded_lines": []}, "RecipeManager._parse_recipe": {"executed_lines": [], "summary": {"covered_lines": 0, "num_statements": 29, "percent_covered": 0.0, "percent_covered_display": "0", "missing_lines": 29, "excluded_lines": 0}, "missing_lines": [31, 32, 35, 36, 39, 40, 41, 42, 43, 46, 47, 48, 50, 51, 52, 53, 54, 55, 56, 59, 60, 63, 64, 65, 66, 68, 69, 70, 72], "excluded_lines": []}, "RecipeManager.get_recipe": {"executed_lines": [], "summary": {"covered_lines": 0, "num_statements": 1, "percent_covered": 0.0, "percent_covered_display": "0", "missing_lines": 1, "excluded_lines": 0}, "missing_lines": [85], "excluded_lines": []}, "RecipeManager.get_recipes_by_category": {"executed_lines": [], "summary": {"covered_lines": 0, "num_statements": 1, "percent_covered": 0.0, "percent_covered_display": "0", "missing_lines": 1, "excluded_lines": 0}, "missing_lines": [89], "excluded_lines": []}, "RecipeManager.suggest_recipe": {"executed_lines": [], "summary": {"covered_lines": 0, "num_statements": 16, "percent_covered": 0.0, "percent_covered_display": "0", "missing_lines": 16, "excluded_lines": 0}, "missing_lines": [93, 96, 106, 107, 108, 109, 110, 111, 114, 115, 116, 117, 118, 121, 122, 124], "excluded_lines": []}, "RecipeManager.load_recipe_content": {"executed_lines": [], "summary": {"covered_lines": 0, "num_statements": 9, "percent_covered": 0.0, "percent_covered_display": "0", "missing_lines": 9, "excluded_lines": 0}, "missing_lines": [128, 129, 130, 132, 133, 136, 137, 138, 140], "excluded_lines": []}, "RecipeManager.list_recipes": {"executed_lines": [], "summary": {"covered_lines": 0, "num_statements": 6, "percent_covered": 0.0, "percent_covered_display": "0", "missing_lines": 6, "excluded_lines": 0}, "missing_lines": [144, 145, 146, 147, 148, 149], "excluded_lines": []}, "": {"executed_lines": [], "summary": {"covered_lines": 0, "num_statements": 13, "percent_covered": 0.0, "percent_covered_display": "0", "missing_lines": 13, "excluded_lines": 0}, "missing_lines": [2, 3, 4, 6, 9, 12, 17, 29, 83, 87, 91, 126, 142], "excluded_lines": []}}, "classes": {"RecipeManager": {"executed_lines": [], "summary": {"covered_lines": 0, "num_statements": 73, "percent_covered": 0.0, "percent_covered_display": "0", "missing_lines": 73, "excluded_lines": 0}, "missing_lines": [13, 14, 15, 19, 20, 22, 23, 24, 25, 26, 27, 31, 32, 35, 36, 39, 40, 41, 42, 43, 46, 47, 48, 50, 51, 52, 53, 54, 55, 56, 59, 60, 63, 64, 65, 66, 68, 69, 70, 72, 85, 89, 93, 96, 106, 107, 108, 109, 110, 111, 114, 115, 116, 117, 118, 121, 122, 124, 128, 129, 130, 132, 133, 136, 137, 138, 140, 144, 145, 146, 147, 148, 149], "excluded_lines": []}, "": {"executed_lines": [], "summary": {"covered_lines": 0, "num_statements": 13, "percent_covered": 0.0, "percent_covered_display": "0", "missing_lines": 13, "excluded_lines": 0}, "missing_lines": [2, 3, 4, 6, 9, 12, 17, 29, 83, 87, 91, 126, 142], "excluded_lines": []}}}, "src\\cde_orchestrator\\repo_ingest.py": {"executed_lines": [], "summary": {"covered_lines": 0, "num_statements": 132, "percent_covered": 0.0, "percent_covered_display": "0", "missing_lines": 132, "excluded_lines": 2}, "missing_lines": [6, 7, 8, 9, 10, 11, 13, 14, 18, 21, 23, 24, 25, 28, 29, 30, 31, 32, 33, 35, 37, 38, 40, 41, 42, 43, 44, 45, 46, 47, 49, 50, 51, 52, 53, 54, 55, 56, 57, 59, 60, 61, 62, 64, 65, 66, 67, 68, 70, 71, 72, 79, 80, 81, 82, 84, 85, 86, 87, 88, 89, 90, 91, 92, 93, 94, 95, 96, 97, 99, 100, 101, 102, 103, 104, 105, 106, 107, 108, 109, 110, 111, 112, 113, 114, 116, 126, 127, 129, 132, 133, 134, 135, 137, 138, 139, 140, 142, 143, 144, 145, 146, 147, 150, 151, 153, 154, 155, 156, 159, 162, 163, 164, 165, 166, 167, 168, 169, 172, 173, 176, 178, 180, 181, 182, 184, 189, 190, 191, 192, 193, 194], "excluded_lines": [15, 16], "functions": {"estimate_tokens": {"executed_lines": [], "summary": {"covered_lines": 0, "num_statements": 3, "percent_covered": 0.0, "percent_covered_display": "0", "missing_lines": 3, "excluded_lines": 0}, "missing_lines": [23, 24, 25], "excluded_lines": []}, "RepoIngestor.__init__": {"executed_lines": [], "summary": {"covered_lines": 0, "num_statements": 4, "percent_covered": 0.0, "percent_covered_display": "0", "missing_lines": 4, "excluded_lines": 0}, "missing_lines": [30, 31, 32, 33], "excluded_lines": []}, "RepoIngestor._load_gitignore": {"executed_lines": [], "summary": {"covered_lines": 0, "num_statements": 28, "percent_covered": 0.0, "percent_covered_display": "0", "missing_lines": 28, "excluded_lines": 0}, "missing_lines": [37, 38, 40, 41, 42, 43, 44, 45, 46, 47, 49, 50, 51, 52, 53, 54, 55, 56, 57, 59, 60, 61, 62, 64, 65, 66, 67, 68], "excluded_lines": []}, "RepoIngestor._git_ls_files": {"executed_lines": [], "summary": {"covered_lines": 0, "num_statements": 20, "percent_covered": 0.0, "percent_covered_display": "0", "missing_lines": 20, "excluded_lines": 0}, "missing_lines": [71, 72, 79, 80, 81, 82, 84, 85, 86, 87, 88, 89, 90, 91, 92, 93, 94, 95, 96, 97], "excluded_lines": []}, "RepoIngestor._is_binary": {"executed_lines": [], "summary": {"covered_lines": 0, "num_statements": 14, "percent_covered": 0.0, "percent_covered_display": "0", "missing_lines": 14, "excluded_lines": 0}, "missing_lines": [101, 102, 103, 104, 105, 106, 107, 108, 109, 110, 111, 112, 113, 114], "excluded_lines": []}, "RepoIngestor.ingest": {"executed_lines": [], "summary": {"covered_lines": 0, "num_statements": 39, "percent_covered": 0.0, "percent_covered_display": "0", "missing_lines": 39, "excluded_lines": 0}, "missing_lines": [126, 127, 129, 132, 133, 134, 135, 137, 138, 139, 140, 142, 143, 144, 145, 146, 147, 150, 151, 153, 154, 155, 156, 159, 162, 163, 164, 165, 166, 167, 168, 169, 172, 173, 176, 178, 180, 181, 182], "excluded_lines": []}, "RepoIngestor.export_digest": {"executed_lines": [], "summary": {"covered_lines": 0, "num_statements": 6, "percent_covered": 0.0, "percent_covered_display": "0", "missing_lines": 6, "excluded_lines": 0}, "missing_lines": [189, 190, 191, 192, 193, 194], "excluded_lines": []}, "": {"executed_lines": [], "summary": {"covered_lines": 0, "num_statements": 18, "percent_covered": 0.0, "percent_covered_display": "0", "missing_lines": 18, "excluded_lines": 2}, "missing_lines": [6, 7, 8, 9, 10, 11, 13, 14, 18, 21, 28, 29, 35, 70, 99, 100, 116, 184], "excluded_lines": [15, 16]}}, "classes": {"RepoIngestor": {"executed_lines": [], "summary": {"covered_lines": 0, "num_statements": 111, "percent_covered": 0.0, "percent_covered_display": "0", "missing_lines": 111, "excluded_lines": 0}, "missing_lines": [30, 31, 32, 33, 37, 38, 40, 41, 42, 43, 44, 45, 46, 47, 49, 50, 51, 52, 53, 54, 55, 56, 57, 59, 60, 61, 62, 64, 65, 66, 67, 68, 71, 72, 79, 80, 81, 82, 84, 85, 86, 87, 88, 89, 90, 91, 92, 93, 94, 95, 96, 97, 101, 102, 103, 104, 105, 106, 107, 108, 109, 110, 111, 112, 113, 114, 126, 127, 129, 132, 133, 134, 135, 137, 138, 139, 140, 142, 143, 144, 145, 146, 147, 150, 151, 153, 154, 155, 156, 159, 162, 163, 164, 165, 166, 167, 168, 169, 172, 173, 176, 178, 180, 181, 182, 189, 190, 191, 192, 193, 194], "excluded_lines": []}, "": {"executed_lines": [], "summary": {"covered_lines": 0, "num_statements": 21, "percent_covered": 0.0, "percent_covered_display": "0", "missing_lines": 21, "excluded_lines": 2}, "missing_lines": [6, 7, 8, 9, 10, 11, 13, 14, 18, 21, 23, 24, 25, 28, 29, 35, 70, 99, 100, 116, 184], "excluded_lines": [15, 16]}}}, "src\\cde_orchestrator\\service_connector.py": {"executed_lines": [2, 15, 16, 17, 18, 19, 20, 21, 23, 31, 34, 35, 37, 38, 40, 47, 48, 49, 53, 54, 56, 57, 60, 61, 62, 64, 69, 70, 72, 75, 77, 78, 84, 86, 87, 100, 101, 104, 105, 107, 112, 113, 114, 115, 116, 118, 120, 121, 122, 123, 127, 129, 131, 132, 133, 135, 137, 138, 139, 140, 142, 153, 154, 159, 165, 166, 167, 168, 169, 170, 171, 175, 176, 177, 179, 180, 181, 183, 202, 203, 204, 205, 206, 207, 210, 216, 217, 229, 252, 262, 263, 268, 269, 273, 278, 281, 282, 283, 292, 293, 294, 295, 301, 303, 304, 305, 306, 307, 308, 309, 323, 334, 335, 337, 338, 340, 341, 344, 346, 356, 369, 370, 375, 378, 417, 467, 497, 498, 503, 511, 520, 547, 563], "summary": {"covered_lines": 126, "num_statements": 235, "percent_covered": 53.61702127659574, "percent_covered_display": "54", "missing_lines": 109, "excluded_lines": 0}, "missing_lines": [51, 58, 65, 66, 67, 79, 81, 82, 89, 91, 93, 94, 95, 97, 125, 126, 144, 211, 212, 213, 227, 240, 248, 249, 250, 264, 265, 266, 279, 310, 311, 312, 313, 314, 315, 316, 317, 318, 319, 320, 321, 342, 358, 376, 380, 382, 390, 398, 399, 405, 410, 411, 423, 425, 426, 433, 441, 449, 450, 455, 460, 461, 469, 470, 478, 479, 484, 489, 490, 504, 505, 506, 507, 508, 509, 513, 514, 518, 530, 531, 533, 534, 539, 540, 542, 544, 545, 549, 550, 551, 552, 553, 554, 555, 556, 557, 558, 559, 560, 561, 565, 568, 569, 570, 571, 572, 573, 580, 582], "excluded_lines": [], "functions": {"MCPDetector.find_mcp_config": {"executed_lines": [40, 47, 48, 49], "summary": {"covered_lines": 4, "num_statements": 5, "percent_covered": 80.0, "percent_covered_display": "80", "missing_lines": 1, "excluded_lines": 0}, "missing_lines": [51], "excluded_lines": []}, "MCPDetector.load_mcp_servers": {"executed_lines": [56, 57, 60, 61, 62, 64], "summary": {"covered_lines": 6, "num_statements": 10, "percent_covered": 60.0, "percent_covered_display": "60", "missing_lines": 4, "excluded_lines": 0}, "missing_lines": [58, 65, 66, 67], "excluded_lines": []}, "MCPDetector.is_github_mcp_available": {"executed_lines": [72, 75, 77, 78, 84], "summary": {"covered_lines": 5, "num_statements": 8, "percent_covered": 62.5, "percent_covered_display": "62", "missing_lines": 3, "excluded_lines": 0}, "missing_lines": [79, 81, 82], "excluded_lines": []}, "MCPDetector.get_github_mcp_config": {"executed_lines": [], "summary": {"covered_lines": 0, "num_statements": 6, "percent_covered": 0.0, "percent_covered_display": "0", "missing_lines": 6, "excluded_lines": 0}, "missing_lines": [89, 91, 93, 94, 95, 97], "excluded_lines": []}, "CircuitBreaker.__init__": {"executed_lines": [112, 113, 114, 115, 116], "summary": {"covered_lines": 5, "num_statements": 5, "percent_covered": 100.0, "percent_covered_display": "100", "missing_lines": 0, "excluded_lines": 0}, "missing_lines": [], "excluded_lines": []}, "CircuitBreaker.allow": {"executed_lines": [120, 121, 122, 123, 127], "summary": {"covered_lines": 5, "num_statements": 7, "percent_covered": 71.42857142857143, "percent_covered_display": "71", "missing_lines": 2, "excluded_lines": 0}, "missing_lines": [125, 126], "excluded_lines": []}, "CircuitBreaker.record_success": {"executed_lines": [131, 132, 133], "summary": {"covered_lines": 3, "num_statements": 3, "percent_covered": 100.0, "percent_covered_display": "100", "missing_lines": 0, "excluded_lines": 0}, "missing_lines": [], "excluded_lines": []}, "CircuitBreaker.record_failure": {"executed_lines": [137, 138, 139, 140], "summary": {"covered_lines": 4, "num_statements": 4, "percent_covered": 100.0, "percent_covered_display": "100", "missing_lines": 0, "excluded_lines": 0}, "missing_lines": [], "excluded_lines": []}, "CircuitBreaker.snapshot": {"executed_lines": [], "summary": {"covered_lines": 0, "num_statements": 1, "percent_covered": 0.0, "percent_covered_display": "0", "missing_lines": 1, "excluded_lines": 0}, "missing_lines": [144], "excluded_lines": []}, "GitHubConnector.__init__": {"executed_lines": [165, 166, 167, 168, 169, 170, 171], "summary": {"covered_lines": 7, "num_statements": 7, "percent_covered": 100.0, "percent_covered_display": "100", "missing_lines": 0, "excluded_lines": 0}, "missing_lines": [], "excluded_lines": []}, "GitHubConnector._record_success": {"executed_lines": [176, 177], "summary": {"covered_lines": 2, "num_statements": 2, "percent_covered": 100.0, "percent_covered_display": "100", "missing_lines": 0, "excluded_lines": 0}, "missing_lines": [], "excluded_lines": []}, "GitHubConnector._record_failure": {"executed_lines": [180, 181], "summary": {"covered_lines": 2, "num_statements": 2, "percent_covered": 100.0, "percent_covered_display": "100", "missing_lines": 0, "excluded_lines": 0}, "missing_lines": [], "excluded_lines": []}, "GitHubConnector.create_issue": {"executed_lines": [202, 203, 204, 205, 206, 207, 210, 216, 217], "summary": {"covered_lines": 9, "num_statements": 13, "percent_covered": 69.23076923076923, "percent_covered_display": "69", "missing_lines": 4, "excluded_lines": 0}, "missing_lines": [211, 212, 213, 227], "excluded_lines": []}, "GitHubConnector._create_issue_via_mcp": {"executed_lines": [], "summary": {"covered_lines": 0, "num_statements": 4, "percent_covered": 0.0, "percent_covered_display": "0", "missing_lines": 4, "excluded_lines": 0}, "missing_lines": [240, 248, 249, 250], "excluded_lines": []}, "GitHubConnector._create_issue_via_api": {"executed_lines": [262, 263, 268, 269, 273, 278, 281, 282, 283, 292, 293, 294, 295, 301, 303, 304, 305, 306, 307, 308, 309], "summary": {"covered_lines": 21, "num_statements": 37, "percent_covered": 56.75675675675676, "percent_covered_display": "57", "missing_lines": 16, "excluded_lines": 0}, "missing_lines": [264, 265, 266, 279, 310, 311, 312, 313, 314, 315, 316, 317, 318, 319, 320, 321], "excluded_lines": []}, "GitHubConnector._create_issue_local": {"executed_lines": [334, 335, 337, 338, 340, 341, 344, 346], "summary": {"covered_lines": 8, "num_statements": 9, "percent_covered": 88.88888888888889, "percent_covered_display": "89", "missing_lines": 1, "excluded_lines": 0}, "missing_lines": [342], "excluded_lines": []}, "GitHubConnector.get_status": {"executed_lines": [], "summary": {"covered_lines": 0, "num_statements": 1, "percent_covered": 0.0, "percent_covered_display": "0", "missing_lines": 1, "excluded_lines": 0}, "missing_lines": [358], "excluded_lines": []}, "GitConnector.__init__": {"executed_lines": [], "summary": {"covered_lines": 0, "num_statements": 1, "percent_covered": 0.0, "percent_covered_display": "0", "missing_lines": 1, "excluded_lines": 0}, "missing_lines": [376], "excluded_lines": []}, "GitConnector.create_branch": {"executed_lines": [], "summary": {"covered_lines": 0, "num_statements": 8, "percent_covered": 0.0, "percent_covered_display": "0", "missing_lines": 8, "excluded_lines": 0}, "missing_lines": [380, 382, 390, 398, 399, 405, 410, 411], "excluded_lines": []}, "GitConnector.commit_changes": {"executed_lines": [], "summary": {"covered_lines": 0, "num_statements": 10, "percent_covered": 0.0, "percent_covered_display": "0", "missing_lines": 10, "excluded_lines": 0}, "missing_lines": [423, 425, 426, 433, 441, 449, 450, 455, 460, 461], "excluded_lines": []}, "GitConnector.push_branch": {"executed_lines": [], "summary": {"covered_lines": 0, "num_statements": 7, "percent_covered": 0.0, "percent_covered_display": "0", "missing_lines": 7, "excluded_lines": 0}, "missing_lines": [469, 470, 478, 479, 484, 489, 490], "excluded_lines": []}, "ServiceConnectorFactory.__init__": {"executed_lines": [], "summary": {"covered_lines": 0, "num_statements": 6, "percent_covered": 0.0, "percent_covered_display": "0", "missing_lines": 6, "excluded_lines": 0}, "missing_lines": [504, 505, 506, 507, 508, 509], "excluded_lines": []}, "ServiceConnectorFactory._get_breaker": {"executed_lines": [], "summary": {"covered_lines": 0, "num_statements": 3, "percent_covered": 0.0, "percent_covered_display": "0", "missing_lines": 3, "excluded_lines": 0}, "missing_lines": [513, 514, 518], "excluded_lines": []}, "ServiceConnectorFactory.get_connector": {"executed_lines": [], "summary": {"covered_lines": 0, "num_statements": 9, "percent_covered": 0.0, "percent_covered_display": "0", "missing_lines": 9, "excluded_lines": 0}, "missing_lines": [530, 531, 533, 534, 539, 540, 542, 544, 545], "excluded_lines": []}, "ServiceConnectorFactory.is_service_available": {"executed_lines": [], "summary": {"covered_lines": 0, "num_statements": 13, "percent_covered": 0.0, "percent_covered_display": "0", "missing_lines": 13, "excluded_lines": 0}, "missing_lines": [549, 550, 551, 552, 553, 554, 555, 556, 557, 558, 559, 560, 561], "excluded_lines": []}, "ServiceConnectorFactory.get_service_status": {"executed_lines": [], "summary": {"covered_lines": 0, "num_statements": 9, "percent_covered": 0.0, "percent_covered_display": "0", "missing_lines": 9, "excluded_lines": 0}, "missing_lines": [565, 568, 569, 570, 571, 572, 573, 580, 582], "excluded_lines": []}, "": {"executed_lines": [2, 15, 16, 17, 18, 19, 20, 21, 23, 31, 34, 35, 37, 38, 53, 54, 69, 70, 86, 87, 100, 101, 104, 105, 107, 118, 129, 135, 142, 153, 154, 159, 175, 179, 183, 229, 252, 323, 356, 369, 370, 375, 378, 417, 467, 497, 498, 503, 511, 520, 547, 563], "summary": {"covered_lines": 45, "num_statements": 45, "percent_covered": 100.0, "percent_covered_display": "100", "missing_lines": 0, "excluded_lines": 0}, "missing_lines": [], "excluded_lines": []}}, "classes": {"MCPDetector": {"executed_lines": [40, 47, 48, 49, 56, 57, 60, 61, 62, 64, 72, 75, 77, 78, 84], "summary": {"covered_lines": 15, "num_statements": 29, "percent_covered": 51.724137931034484, "percent_covered_display": "52", "missing_lines": 14, "excluded_lines": 0}, "missing_lines": [51, 58, 65, 66, 67, 79, 81, 82, 89, 91, 93, 94, 95, 97], "excluded_lines": []}, "CircuitBreakerOpenError": {"executed_lines": [], "summary": {"covered_lines": 0, "num_statements": 0, "percent_covered": 100.0, "percent_covered_display": "100", "missing_lines": 0, "excluded_lines": 0}, "missing_lines": [], "excluded_lines": []}, "CircuitBreaker": {"executed_lines": [112, 113, 114, 115, 116, 120, 121, 122, 123, 127, 131, 132, 133, 137, 138, 139, 140], "summary": {"covered_lines": 17, "num_statements": 20, "percent_covered": 85.0, "percent_covered_display": "85", "missing_lines": 3, "excluded_lines": 0}, "missing_lines": [125, 126, 144], "excluded_lines": []}, "GitHubConnector": {"executed_lines": [165, 166, 167, 168, 169, 170, 171, 176, 177, 180, 181, 202, 203, 204, 205, 206, 207, 210, 216, 217, 262, 263, 268, 269, 273, 278, 281, 282, 283, 292, 293, 294, 295, 301, 303, 304, 305, 306, 307, 308, 309, 334, 335, 337, 338, 340, 341, 344, 346], "summary": {"covered_lines": 49, "num_statements": 75, "percent_covered": 65.33333333333333, "percent_covered_display": "65", "missing_lines": 26, "excluded_lines": 0}, "missing_lines": [211, 212, 213, 227, 240, 248, 249, 250, 264, 265, 266, 279, 310, 311, 312, 313, 314, 315, 316, 317, 318, 319, 320, 321, 342, 358], "excluded_lines": []}, "GitConnector": {"executed_lines": [], "summary": {"covered_lines": 0, "num_statements": 26, "percent_covered": 0.0, "percent_covered_display": "0", "missing_lines": 26, "excluded_lines": 0}, "missing_lines": [376, 380, 382, 390, 398, 399, 405, 410, 411, 423, 425, 426, 433, 441, 449, 450, 455, 460, 461, 469, 470, 478, 479, 484, 489, 490], "excluded_lines": []}, "ServiceConnectorFactory": {"executed_lines": [], "summary": {"covered_lines": 0, "num_statements": 40, "percent_covered": 0.0, "percent_covered_display": "0", "missing_lines": 40, "excluded_lines": 0}, "missing_lines": [504, 505, 506, 507, 508, 509, 513, 514, 518, 530, 531, 533, 534, 539, 540, 542, 544, 545, 549, 550, 551, 552, 553, 554, 555, 556, 557, 558, 559, 560, 561, 565, 568, 569, 570, 571, 572, 573, 580, 582], "excluded_lines": []}, "": {"executed_lines": [2, 15, 16, 17, 18, 19, 20, 21, 23, 31, 34, 35, 37, 38, 53, 54, 69, 70, 86, 87, 100, 101, 104, 105, 107, 118, 129, 135, 142, 153, 154, 159, 175, 179, 183, 229, 252, 323, 356, 369, 370, 375, 378, 417, 467, 497, 498, 503, 511, 520, 547, 563], "summary": {"covered_lines": 45, "num_statements": 45, "percent_covered": 100.0, "percent_covered_display": "100", "missing_lines": 0, "excluded_lines": 0}, "missing_lines": [], "excluded_lines": []}}}, "src\\cde_orchestrator\\state_manager.py": {"executed_lines": [2, 3, 4, 5, 6, 7, 9, 11, 13, 16, 17, 19, 20, 21, 22, 24, 26, 30, 31, 33, 35, 36, 38, 40, 42, 43, 45, 46, 47, 49, 51, 55, 57, 58, 59, 60, 61, 62, 63, 64, 65, 66, 67, 68, 70, 72, 76, 77, 79, 80, 81, 82, 83, 84, 85, 87, 88, 91, 92, 95, 96, 99, 100, 102, 118, 120, 123, 124, 125, 126, 127, 128, 129, 132, 133, 135, 137, 138, 139, 140, 141, 142, 144, 146, 147, 153, 155, 156, 158, 160, 161, 162, 163, 164, 165, 168, 174, 175, 176, 178, 179, 180, 181, 182, 183, 184, 185, 186, 187, 189], "summary": {"covered_lines": 109, "num_statements": 124, "percent_covered": 87.90322580645162, "percent_covered_display": "88", "missing_lines": 15, "excluded_lines": 0}, "missing_lines": [27, 28, 73, 74, 89, 93, 97, 121, 130, 131, 148, 149, 150, 151, 166], "excluded_lines": [], "functions": {"StateManager.__init__": {"executed_lines": [20, 21, 22], "summary": {"covered_lines": 3, "num_statements": 3, "percent_covered": 100.0, "percent_covered_display": "100", "missing_lines": 0, "excluded_lines": 0}, "missing_lines": [], "excluded_lines": []}, "StateManager.load_state": {"executed_lines": [26, 30, 31, 33, 35, 36], "summary": {"covered_lines": 6, "num_statements": 8, "percent_covered": 75.0, "percent_covered_display": "75", "missing_lines": 2, "excluded_lines": 0}, "missing_lines": [27, 28], "excluded_lines": []}, "StateManager.save_state": {"executed_lines": [40, 42, 43, 45, 46, 47, 49, 51], "summary": {"covered_lines": 8, "num_statements": 8, "percent_covered": 100.0, "percent_covered_display": "100", "missing_lines": 0, "excluded_lines": 0}, "missing_lines": [], "excluded_lines": []}, "StateManager._validate_state": {"executed_lines": [57, 58, 59, 60, 61, 62, 63, 64, 65, 66, 67, 68], "summary": {"covered_lines": 12, "num_statements": 12, "percent_covered": 100.0, "percent_covered_display": "100", "missing_lines": 0, "excluded_lines": 0}, "missing_lines": [], "excluded_lines": []}, "StateManager._coerce_feature_state": {"executed_lines": [72, 76, 77, 79, 80, 81, 82, 83, 84, 85, 87, 88, 91, 92, 95, 96, 99, 100, 102], "summary": {"covered_lines": 19, "num_statements": 24, "percent_covered": 79.16666666666667, "percent_covered_display": "79", "missing_lines": 5, "excluded_lines": 0}, "missing_lines": [73, 74, 89, 93, 97], "excluded_lines": []}, "StateManager._migrate_state": {"executed_lines": [120, 123, 124, 125, 126, 127, 128, 129, 132, 133], "summary": {"covered_lines": 10, "num_statements": 13, "percent_covered": 76.92307692307692, "percent_covered_display": "77", "missing_lines": 3, "excluded_lines": 0}, "missing_lines": [121, 130, 131], "excluded_lines": []}, "StateManager._create_backup": {"executed_lines": [137, 138, 139, 140, 141, 142], "summary": {"covered_lines": 6, "num_statements": 6, "percent_covered": 100.0, "percent_covered_display": "100", "missing_lines": 0, "excluded_lines": 0}, "missing_lines": [], "excluded_lines": []}, "StateManager._rotate_backups": {"executed_lines": [146, 147], "summary": {"covered_lines": 2, "num_statements": 6, "percent_covered": 33.333333333333336, "percent_covered_display": "33", "missing_lines": 4, "excluded_lines": 0}, "missing_lines": [148, 149, 150, 151], "excluded_lines": []}, "StateManager._log_state_changes": {"executed_lines": [155, 156, 158, 160, 161, 162, 163, 164, 165], "summary": {"covered_lines": 9, "num_statements": 10, "percent_covered": 90.0, "percent_covered_display": "90", "missing_lines": 1, "excluded_lines": 0}, "missing_lines": [166], "excluded_lines": []}, "StateManager._compare_features": {"executed_lines": [174, 175, 176, 178, 179, 180, 181, 182, 183, 184, 185, 186, 187, 189], "summary": {"covered_lines": 14, "num_statements": 14, "percent_covered": 100.0, "percent_covered_display": "100", "missing_lines": 0, "excluded_lines": 0}, "missing_lines": [], "excluded_lines": []}, "": {"executed_lines": [2, 3, 4, 5, 6, 7, 9, 11, 13, 16, 17, 19, 24, 38, 55, 70, 118, 135, 144, 153, 168], "summary": {"covered_lines": 20, "num_statements": 20, "percent_covered": 100.0, "percent_covered_display": "100", "missing_lines": 0, "excluded_lines": 0}, "missing_lines": [], "excluded_lines": []}}, "classes": {"StateManager": {"executed_lines": [20, 21, 22, 26, 30, 31, 33, 35, 36, 40, 42, 43, 45, 46, 47, 49, 51, 57, 58, 59, 60, 61, 62, 63, 64, 65, 66, 67, 68, 72, 76, 77, 79, 80, 81, 82, 83, 84, 85, 87, 88, 91, 92, 95, 96, 99, 100, 102, 120, 123, 124, 125, 126, 127, 128, 129, 132, 133, 137, 138, 139, 140, 141, 142, 146, 147, 155, 156, 158, 160, 161, 162, 163, 164, 165, 174, 175, 176, 178, 179, 180, 181, 182, 183, 184, 185, 186, 187, 189], "summary": {"covered_lines": 89, "num_statements": 104, "percent_covered": 85.57692307692308, "percent_covered_display": "86", "missing_lines": 15, "excluded_lines": 0}, "missing_lines": [27, 28, 73, 74, 89, 93, 97, 121, 130, 131, 148, 149, 150, 151, 166], "excluded_lines": []}, "": {"executed_lines": [2, 3, 4, 5, 6, 7, 9, 11, 13, 16, 17, 19, 24, 38, 55, 70, 118, 135, 144, 153, 168], "summary": {"covered_lines": 20, "num_statements": 20, "percent_covered": 100.0, "percent_covered_display": "100", "missing_lines": 0, "excluded_lines": 0}, "missing_lines": [], "excluded_lines": []}}}, "src\\cde_orchestrator\\validation.py": {"executed_lines": [], "summary": {"covered_lines": 0, "num_statements": 59, "percent_covered": 0.0, "percent_covered_display": "0", "missing_lines": 59, "excluded_lines": 0}, "missing_lines": [6, 7, 8, 10, 13, 33, 34, 35, 36, 38, 40, 41, 43, 49, 51, 57, 58, 61, 72, 73, 76, 79, 81, 84, 98, 101, 102, 105, 106, 107, 108, 110, 114, 116, 118, 119, 120, 123, 125, 126, 127, 129, 130, 131, 134, 136, 137, 138, 140, 141, 142, 145, 147, 148, 149, 150, 152, 153, 154], "excluded_lines": [], "functions": {"validate_input": {"executed_lines": [], "summary": {"covered_lines": 0, "num_statements": 3, "percent_covered": 0.0, "percent_covered_display": "0", "missing_lines": 3, "excluded_lines": 0}, "missing_lines": [33, 34, 58], "excluded_lines": []}, "validate_input.decorator": {"executed_lines": [], "summary": {"covered_lines": 0, "num_statements": 2, "percent_covered": 0.0, "percent_covered_display": "0", "missing_lines": 2, "excluded_lines": 0}, "missing_lines": [35, 57], "excluded_lines": []}, "validate_input.decorator.wrapper": {"executed_lines": [], "summary": {"covered_lines": 0, "num_statements": 7, "percent_covered": 0.0, "percent_covered_display": "0", "missing_lines": 7, "excluded_lines": 0}, "missing_lines": [36, 38, 40, 41, 43, 49, 51], "excluded_lines": []}, "sanitize_string": {"executed_lines": [], "summary": {"covered_lines": 0, "num_statements": 5, "percent_covered": 0.0, "percent_covered_display": "0", "missing_lines": 5, "excluded_lines": 0}, "missing_lines": [72, 73, 76, 79, 81], "excluded_lines": []}, "validate_file_path": {"executed_lines": [], "summary": {"covered_lines": 0, "num_statements": 8, "percent_covered": 0.0, "percent_covered_display": "0", "missing_lines": 8, "excluded_lines": 0}, "missing_lines": [98, 101, 102, 105, 106, 107, 108, 110], "excluded_lines": []}, "": {"executed_lines": [], "summary": {"covered_lines": 0, "num_statements": 34, "percent_covered": 0.0, "percent_covered_display": "0", "missing_lines": 34, "excluded_lines": 0}, "missing_lines": [6, 7, 8, 10, 13, 61, 84, 114, 116, 118, 119, 120, 123, 125, 126, 127, 129, 130, 131, 134, 136, 137, 138, 140, 141, 142, 145, 147, 148, 149, 150, 152, 153, 154], "excluded_lines": []}}, "classes": {"StartFeatureInput": {"executed_lines": [], "summary": {"covered_lines": 0, "num_statements": 0, "percent_covered": 100.0, "percent_covered_display": "100", "missing_lines": 0, "excluded_lines": 0}, "missing_lines": [], "excluded_lines": []}, "StartFeatureInput.Config": {"executed_lines": [], "summary": {"covered_lines": 0, "num_statements": 0, "percent_covered": 100.0, "percent_covered_display": "100", "missing_lines": 0, "excluded_lines": 0}, "missing_lines": [], "excluded_lines": []}, "SubmitWorkInput": {"executed_lines": [], "summary": {"covered_lines": 0, "num_statements": 0, "percent_covered": 100.0, "percent_covered_display": "100", "missing_lines": 0, "excluded_lines": 0}, "missing_lines": [], "excluded_lines": []}, "SubmitWorkInput.Config": {"executed_lines": [], "summary": {"covered_lines": 0, "num_statements": 0, "percent_covered": 100.0, "percent_covered_display": "100", "missing_lines": 0, "excluded_lines": 0}, "missing_lines": [], "excluded_lines": []}, "CreateBranchInput": {"executed_lines": [], "summary": {"covered_lines": 0, "num_statements": 0, "percent_covered": 100.0, "percent_covered_display": "100", "missing_lines": 0, "excluded_lines": 0}, "missing_lines": [], "excluded_lines": []}, "CreateBranchInput.Config": {"executed_lines": [], "summary": {"covered_lines": 0, "num_statements": 0, "percent_covered": 100.0, "percent_covered_display": "100", "missing_lines": 0, "excluded_lines": 0}, "missing_lines": [], "excluded_lines": []}, "CreateIssueInput": {"executed_lines": [], "summary": {"covered_lines": 0, "num_statements": 0, "percent_covered": 100.0, "percent_covered_display": "100", "missing_lines": 0, "excluded_lines": 0}, "missing_lines": [], "excluded_lines": []}, "CreateIssueInput.Config": {"executed_lines": [], "summary": {"covered_lines": 0, "num_statements": 0, "percent_covered": 100.0, "percent_covered_display": "100", "missing_lines": 0, "excluded_lines": 0}, "missing_lines": [], "excluded_lines": []}, "": {"executed_lines": [], "summary": {"covered_lines": 0, "num_statements": 59, "percent_covered": 0.0, "percent_covered_display": "0", "missing_lines": 59, "excluded_lines": 0}, "missing_lines": [6, 7, 8, 10, 13, 33, 34, 35, 36, 38, 40, 41, 43, 49, 51, 57, 58, 61, 72, 73, 76, 79, 81, 84, 98, 101, 102, 105, 106, 107, 108, 110, 114, 116, 118, 119, 120, 123, 125, 126, 127, 129, 130, 131, 134, 136, 137, 138, 140, 141, 142, 145, 147, 148, 149, 150, 152, 153, 154], "excluded_lines": []}}}, "src\\cde_orchestrator\\workflow_manager.py": {"executed_lines": [], "summary": {"covered_lines": 0, "num_statements": 55, "percent_covered": 0.0, "percent_covered_display": "0", "missing_lines": 55, "excluded_lines": 0}, "missing_lines": [2, 3, 4, 6, 8, 11, 14, 15, 16, 17, 18, 19, 21, 23, 24, 25, 27, 29, 52, 57, 59, 60, 61, 62, 63, 64, 65, 68, 69, 71, 73, 75, 76, 77, 78, 80, 82, 83, 84, 86, 88, 89, 90, 91, 92, 93, 94, 95, 97, 99, 100, 101, 102, 110, 111], "excluded_lines": [], "functions": {"WorkflowManager.__init__": {"executed_lines": [], "summary": {"covered_lines": 0, "num_statements": 5, "percent_covered": 0.0, "percent_covered_display": "0", "missing_lines": 5, "excluded_lines": 0}, "missing_lines": [15, 16, 17, 18, 19], "excluded_lines": []}, "WorkflowManager._load_workflow": {"executed_lines": [], "summary": {"covered_lines": 0, "num_statements": 3, "percent_covered": 0.0, "percent_covered_display": "0", "missing_lines": 3, "excluded_lines": 0}, "missing_lines": [23, 24, 25], "excluded_lines": []}, "WorkflowManager._initialize_workflow_patterns": {"executed_lines": [], "summary": {"covered_lines": 0, "num_statements": 1, "percent_covered": 0.0, "percent_covered_display": "0", "missing_lines": 1, "excluded_lines": 0}, "missing_lines": [29], "excluded_lines": []}, "WorkflowManager.detect_workflow_type": {"executed_lines": [], "summary": {"covered_lines": 0, "num_statements": 11, "percent_covered": 0.0, "percent_covered_display": "0", "missing_lines": 11, "excluded_lines": 0}, "missing_lines": [57, 59, 60, 61, 62, 63, 64, 65, 68, 69, 71], "excluded_lines": []}, "WorkflowManager.get_phase": {"executed_lines": [], "summary": {"covered_lines": 0, "num_statements": 4, "percent_covered": 0.0, "percent_covered_display": "0", "missing_lines": 4, "excluded_lines": 0}, "missing_lines": [75, 76, 77, 78], "excluded_lines": []}, "WorkflowManager.get_initial_phase": {"executed_lines": [], "summary": {"covered_lines": 0, "num_statements": 3, "percent_covered": 0.0, "percent_covered_display": "0", "missing_lines": 3, "excluded_lines": 0}, "missing_lines": [82, 83, 84], "excluded_lines": []}, "WorkflowManager.get_next_phase": {"executed_lines": [], "summary": {"covered_lines": 0, "num_statements": 8, "percent_covered": 0.0, "percent_covered_display": "0", "missing_lines": 8, "excluded_lines": 0}, "missing_lines": [88, 89, 90, 91, 92, 93, 94, 95], "excluded_lines": []}, "WorkflowManager.get_workflow_progress": {"executed_lines": [], "summary": {"covered_lines": 0, "num_statements": 6, "percent_covered": 0.0, "percent_covered_display": "0", "missing_lines": 6, "excluded_lines": 0}, "missing_lines": [99, 100, 101, 102, 110, 111], "excluded_lines": []}, "": {"executed_lines": [], "summary": {"covered_lines": 0, "num_statements": 14, "percent_covered": 0.0, "percent_covered_display": "0", "missing_lines": 14, "excluded_lines": 0}, "missing_lines": [2, 3, 4, 6, 8, 11, 14, 21, 27, 52, 73, 80, 86, 97], "excluded_lines": []}}, "classes": {"WorkflowManager": {"executed_lines": [], "summary": {"covered_lines": 0, "num_statements": 41, "percent_covered": 0.0, "percent_covered_display": "0", "missing_lines": 41, "excluded_lines": 0}, "missing_lines": [15, 16, 17, 18, 19, 23, 24, 25, 29, 57, 59, 60, 61, 62, 63, 64, 65, 68, 69, 71, 75, 76, 77, 78, 82, 83, 84, 88, 89, 90, 91, 92, 93, 94, 95, 99, 100, 101, 102, 110, 111], "excluded_lines": []}, "": {"executed_lines": [], "summary": {"covered_lines": 0, "num_statements": 14, "percent_covered": 0.0, "percent_covered_display": "0", "missing_lines": 14, "excluded_lines": 0}, "missing_lines": [2, 3, 4, 6, 8, 11, 14, 21, 27, 52, 73, 80, 86, 97], "excluded_lines": []}}}}, "totals": {"covered_lines": 381, "num_statements": 1091, "percent_covered": 34.92208982584785, "percent_covered_display": "35", "missing_lines": 710, "excluded_lines": 2}}