{"meta": {"format": 3, "version": "7.11.0", "timestamp": "2025-11-19T10:13:47.587512", "branch_coverage": false, "show_contexts": false}, "files": {"src\\cde_orchestrator\\__init__.py": {"executed_lines": [0], "summary": {"covered_lines": 0, "num_statements": 0, "percent_covered": 100.0, "percent_covered_display": "100", "missing_lines": 0, "excluded_lines": 0}, "missing_lines": [], "excluded_lines": [], "functions": {"": {"executed_lines": [], "summary": {"covered_lines": 0, "num_statements": 0, "percent_covered": 100.0, "percent_covered_display": "100", "missing_lines": 0, "excluded_lines": 0}, "missing_lines": [], "excluded_lines": []}}, "classes": {"": {"executed_lines": [], "summary": {"covered_lines": 0, "num_statements": 0, "percent_covered": 100.0, "percent_covered_display": "100", "missing_lines": 0, "excluded_lines": 0}, "missing_lines": [], "excluded_lines": []}}}, "src\\cde_orchestrator\\adapters\\__init__.py": {"executed_lines": [2, 25, 27], "summary": {"covered_lines": 2, "num_statements": 2, "percent_covered": 100.0, "percent_covered_display": "100", "missing_lines": 0, "excluded_lines": 0}, "missing_lines": [], "excluded_lines": [], "functions": {"": {"executed_lines": [2, 25, 27], "summary": {"covered_lines": 2, "num_statements": 2, "percent_covered": 100.0, "percent_covered_display": "100", "missing_lines": 0, "excluded_lines": 0}, "missing_lines": [], "excluded_lines": []}}, "classes": {"": {"executed_lines": [2, 25, 27], "summary": {"covered_lines": 2, "num_statements": 2, "percent_covered": 100.0, "percent_covered_display": "100", "missing_lines": 0, "excluded_lines": 0}, "missing_lines": [], "excluded_lines": []}}}, "src\\cde_orchestrator\\adapters\\agents\\__init__.py": {"executed_lines": [1, 13, 20, 21, 22, 23, 24, 26], "summary": {"covered_lines": 7, "num_statements": 7, "percent_covered": 100.0, "percent_covered_display": "100", "missing_lines": 0, "excluded_lines": 0}, "missing_lines": [], "excluded_lines": [], "functions": {"": {"executed_lines": [1, 13, 20, 21, 22, 23, 24, 26], "summary": {"covered_lines": 7, "num_statements": 7, "percent_covered": 100.0, "percent_covered_display": "100", "missing_lines": 0, "excluded_lines": 0}, "missing_lines": [], "excluded_lines": []}}, "classes": {"": {"executed_lines": [1, 13, 20, 21, 22, 23, 24, 26], "summary": {"covered_lines": 7, "num_statements": 7, "percent_covered": 100.0, "percent_covered_display": "100", "missing_lines": 0, "excluded_lines": 0}, "missing_lines": [], "excluded_lines": []}}}, "src\\cde_orchestrator\\adapters\\agents\\agent_selection_policy.py": {"executed_lines": [1, 10, 11, 12, 14, 22, 23, 25, 26, 27, 28, 29, 32, 33, 35, 36, 37, 38, 39, 40, 41, 44, 45, 47, 48, 49, 50, 51, 52, 53, 56, 57, 58, 70, 71, 72, 73, 74, 75, 77, 79, 80, 81, 82, 83, 84, 88, 89, 109, 169, 179, 180, 208, 212, 218, 219, 220, 223, 229, 235, 236, 237, 241, 242, 249, 260, 261, 265, 268, 269, 270, 274, 275, 276, 277, 281, 282, 293, 296, 298, 300, 303, 305, 306, 320, 323, 337, 338, 342, 360, 361, 365, 380, 381, 385, 398, 399, 400, 403, 404, 407, 408, 410, 412, 413, 415, 418, 433, 434, 435, 438, 454, 455, 458, 460, 461, 463, 466, 476, 477, 481, 488, 489, 492, 494, 495, 526, 527], "summary": {"covered_lines": 116, "num_statements": 149, "percent_covered": 77.85234899328859, "percent_covered_display": "78", "missing_lines": 33, "excluded_lines": 0}, "missing_lines": [85, 209, 213, 214, 215, 224, 225, 226, 230, 231, 232, 239, 299, 301, 339, 362, 382, 456, 478, 490, 497, 511, 512, 515, 524, 529, 532, 536, 539, 543, 546, 549, 551], "excluded_lines": [], "functions": {"AgentCapabilities.has_capability": {"executed_lines": [79, 80, 81, 82, 83, 84], "summary": {"covered_lines": 6, "num_statements": 7, "percent_covered": 85.71428571428571, "percent_covered_display": "86", "missing_lines": 1, "excluded_lines": 0}, "missing_lines": [85], "excluded_lines": []}, "AgentSelectionPolicy.select_agent": {"executed_lines": [208, 212, 218, 219, 220, 223, 229, 235, 236, 237], "summary": {"covered_lines": 10, "num_statements": 21, "percent_covered": 47.61904761904762, "percent_covered_display": "48", "missing_lines": 11, "excluded_lines": 0}, "missing_lines": [209, 213, 214, 215, 224, 225, 226, 230, 231, 232, 239], "excluded_lines": []}, "AgentSelectionPolicy.get_capability_matrix": {"executed_lines": [249], "summary": {"covered_lines": 1, "num_statements": 1, "percent_covered": 100.0, "percent_covered_display": "100", "missing_lines": 0, "excluded_lines": 0}, "missing_lines": [], "excluded_lines": []}, "AgentSelectionPolicy.suggest_agent": {"executed_lines": [265, 268, 269, 270, 274, 275, 276, 277, 281, 282, 293, 296, 298, 300, 303], "summary": {"covered_lines": 15, "num_statements": 17, "percent_covered": 88.23529411764706, "percent_covered_display": "88", "missing_lines": 2, "excluded_lines": 0}, "missing_lines": [299, 301], "excluded_lines": []}, "AgentSelectionPolicy._calculate_complexity_score": {"executed_lines": [320, 323, 337, 338, 342, 360, 361, 365, 380, 381, 385, 398, 399, 400, 403, 404, 407, 408, 410], "summary": {"covered_lines": 19, "num_statements": 22, "percent_covered": 86.36363636363636, "percent_covered_display": "86", "missing_lines": 3, "excluded_lines": 0}, "missing_lines": [339, 362, 382], "excluded_lines": []}, "AgentSelectionPolicy._calculate_tech_complexity": {"executed_lines": [415, 418, 433, 434, 435, 438, 454, 455, 458], "summary": {"covered_lines": 9, "num_statements": 10, "percent_covered": 90.0, "percent_covered_display": "90", "missing_lines": 1, "excluded_lines": 0}, "missing_lines": [456], "excluded_lines": []}, "AgentSelectionPolicy._calculate_scope_score": {"executed_lines": [463, 466, 476, 477, 481, 488, 489, 492], "summary": {"covered_lines": 8, "num_statements": 10, "percent_covered": 80.0, "percent_covered_display": "80", "missing_lines": 2, "excluded_lines": 0}, "missing_lines": [478, 490], "excluded_lines": []}, "AgentSelectionPolicy._requires_plan_approval": {"executed_lines": [], "summary": {"covered_lines": 0, "num_statements": 5, "percent_covered": 0.0, "percent_covered_display": "0", "missing_lines": 5, "excluded_lines": 0}, "missing_lines": [497, 511, 512, 515, 524], "excluded_lines": []}, "AgentSelectionPolicy._estimate_context_size": {"executed_lines": [], "summary": {"covered_lines": 0, "num_statements": 8, "percent_covered": 0.0, "percent_covered_display": "0", "missing_lines": 8, "excluded_lines": 0}, "missing_lines": [529, 532, 536, 539, 543, 546, 549, 551], "excluded_lines": []}, "": {"executed_lines": [1, 10, 11, 12, 14, 22, 23, 25, 26, 27, 28, 29, 32, 33, 35, 36, 37, 38, 39, 40, 41, 44, 45, 47, 48, 49, 50, 51, 52, 53, 56, 57, 58, 70, 71, 72, 73, 74, 75, 77, 88, 89, 109, 169, 179, 180, 241, 242, 260, 261, 305, 306, 412, 413, 460, 461, 494, 495, 526, 527], "summary": {"covered_lines": 48, "num_statements": 48, "percent_covered": 100.0, "percent_covered_display": "100", "missing_lines": 0, "excluded_lines": 0}, "missing_lines": [], "excluded_lines": []}}, "classes": {"TaskComplexity": {"executed_lines": [], "summary": {"covered_lines": 0, "num_statements": 0, "percent_covered": 100.0, "percent_covered_display": "100", "missing_lines": 0, "excluded_lines": 0}, "missing_lines": [], "excluded_lines": []}, "AgentType": {"executed_lines": [], "summary": {"covered_lines": 0, "num_statements": 0, "percent_covered": 100.0, "percent_covered_display": "100", "missing_lines": 0, "excluded_lines": 0}, "missing_lines": [], "excluded_lines": []}, "AgentCapability": {"executed_lines": [], "summary": {"covered_lines": 0, "num_statements": 0, "percent_covered": 100.0, "percent_covered_display": "100", "missing_lines": 0, "excluded_lines": 0}, "missing_lines": [], "excluded_lines": []}, "AgentCapabilities": {"executed_lines": [79, 80, 81, 82, 83, 84], "summary": {"covered_lines": 6, "num_statements": 7, "percent_covered": 85.71428571428571, "percent_covered_display": "86", "missing_lines": 1, "excluded_lines": 0}, "missing_lines": [85], "excluded_lines": []}, "AgentSelectionPolicy": {"executed_lines": [208, 212, 218, 219, 220, 223, 229, 235, 236, 237, 249, 265, 268, 269, 270, 274, 275, 276, 277, 281, 282, 293, 296, 298, 300, 303, 320, 323, 337, 338, 342, 360, 361, 365, 380, 381, 385, 398, 399, 400, 403, 404, 407, 408, 410, 415, 418, 433, 434, 435, 438, 454, 455, 458, 463, 466, 476, 477, 481, 488, 489, 492], "summary": {"covered_lines": 62, "num_statements": 94, "percent_covered": 65.95744680851064, "percent_covered_display": "66", "missing_lines": 32, "excluded_lines": 0}, "missing_lines": [209, 213, 214, 215, 224, 225, 226, 230, 231, 232, 239, 299, 301, 339, 362, 382, 456, 478, 490, 497, 511, 512, 515, 524, 529, 532, 536, 539, 543, 546, 549, 551], "excluded_lines": []}, "": {"executed_lines": [1, 10, 11, 12, 14, 22, 23, 25, 26, 27, 28, 29, 32, 33, 35, 36, 37, 38, 39, 40, 41, 44, 45, 47, 48, 49, 50, 51, 52, 53, 56, 57, 58, 70, 71, 72, 73, 74, 75, 77, 88, 89, 109, 169, 179, 180, 241, 242, 260, 261, 305, 306, 412, 413, 460, 461, 494, 495, 526, 527], "summary": {"covered_lines": 48, "num_statements": 48, "percent_covered": 100.0, "percent_covered_display": "100", "missing_lines": 0, "excluded_lines": 0}, "missing_lines": [], "excluded_lines": []}}}, "src\\cde_orchestrator\\adapters\\agents\\code_cli_adapters.py": {"executed_lines": [1, 22, 23, 24, 25, 26, 28, 31, 32, 34, 37, 38, 40, 43, 44, 46, 49, 50, 56, 57, 58, 62, 63, 64, 68, 70, 72, 90, 91, 95, 97, 98, 104, 106, 107, 111, 113, 117, 118, 120, 121, 125, 126, 131, 132, 139, 140, 141, 143, 144, 145, 147, 154, 163, 165, 168, 170, 172, 174, 175, 177, 186, 189, 192, 194, 196, 198, 199, 201, 202, 203, 204, 206, 208, 209, 211, 213, 217, 220, 224, 227, 230, 231, 238, 239, 240, 242, 243, 244, 246, 253, 264, 266, 267, 271, 280, 283, 286, 288, 290, 294, 297, 301, 305, 307, 309, 313, 315, 316, 317, 319, 320, 321, 322, 323, 324, 326, 327, 333, 334, 341, 342, 343, 345, 346, 347, 349, 356, 367, 369, 370, 372, 381, 384, 387, 389, 391, 395, 396, 398, 399, 400, 402, 406, 408, 410, 414, 415, 416, 417, 419, 420, 421, 422, 423, 424, 426, 427, 430, 433, 434, 436, 437, 438, 440, 441, 444, 445, 447, 451, 452, 454, 455, 456, 458, 459, 462, 464, 466, 470, 471, 473, 474, 475, 477, 478, 481, 483, 485], "summary": {"covered_lines": 178, "num_statements": 199, "percent_covered": 89.44723618090453, "percent_covered_display": "89", "missing_lines": 21, "excluded_lines": 0}, "missing_lines": [60, 66, 114, 123, 128, 221, 225, 295, 298, 299, 302, 303, 330, 403, 404, 442, 448, 460, 467, 479, 486], "excluded_lines": [], "functions": {"CodeCLIAdapter.cli_command": {"executed_lines": [], "summary": {"covered_lines": 0, "num_statements": 1, "percent_covered": 0.0, "percent_covered_display": "0", "missing_lines": 1, "excluded_lines": 0}, "missing_lines": [60], "excluded_lines": []}, "CodeCLIAdapter.provider_name": {"executed_lines": [], "summary": {"covered_lines": 0, "num_statements": 1, "percent_covered": 0.0, "percent_covered_display": "0", "missing_lines": 1, "excluded_lines": 0}, "missing_lines": [66], "excluded_lines": []}, "CodeCLIAdapter.is_available": {"executed_lines": [70], "summary": {"covered_lines": 1, "num_statements": 1, "percent_covered": 100.0, "percent_covered_display": "100", "missing_lines": 0, "excluded_lines": 0}, "missing_lines": [], "excluded_lines": []}, "CodeCLIAdapter.execute_prompt": {"executed_lines": [90, 91, 95, 97, 98, 104, 106, 107, 111, 113, 117, 118], "summary": {"covered_lines": 12, "num_statements": 13, "percent_covered": 92.3076923076923, "percent_covered_display": "92", "missing_lines": 1, "excluded_lines": 0}, "missing_lines": [114], "excluded_lines": []}, "CodeCLIAdapter._build_command": {"executed_lines": [], "summary": {"covered_lines": 0, "num_statements": 1, "percent_covered": 0.0, "percent_covered_display": "0", "missing_lines": 1, "excluded_lines": 0}, "missing_lines": [123], "excluded_lines": []}, "CodeCLIAdapter.get_install_instructions": {"executed_lines": [], "summary": {"covered_lines": 0, "num_statements": 1, "percent_covered": 0.0, "percent_covered_display": "0", "missing_lines": 1, "excluded_lines": 0}, "missing_lines": [128], "excluded_lines": []}, "CopilotCLIAdapter.cli_command": {"executed_lines": [141], "summary": {"covered_lines": 1, "num_statements": 1, "percent_covered": 100.0, "percent_covered_display": "100", "missing_lines": 0, "excluded_lines": 0}, "missing_lines": [], "excluded_lines": []}, "CopilotCLIAdapter.provider_name": {"executed_lines": [145], "summary": {"covered_lines": 1, "num_statements": 1, "percent_covered": 100.0, "percent_covered_display": "100", "missing_lines": 0, "excluded_lines": 0}, "missing_lines": [], "excluded_lines": []}, "CopilotCLIAdapter._build_command": {"executed_lines": [154, 163, 165, 168, 170, 172], "summary": {"covered_lines": 6, "num_statements": 6, "percent_covered": 100.0, "percent_covered_display": "100", "missing_lines": 0, "excluded_lines": 0}, "missing_lines": [], "excluded_lines": []}, "CopilotCLIAdapter.get_install_instructions": {"executed_lines": [175], "summary": {"covered_lines": 1, "num_statements": 1, "percent_covered": 100.0, "percent_covered_display": "100", "missing_lines": 0, "excluded_lines": 0}, "missing_lines": [], "excluded_lines": []}, "CopilotCLIAdapter.execute_prompt": {"executed_lines": [186, 189, 192], "summary": {"covered_lines": 3, "num_statements": 3, "percent_covered": 100.0, "percent_covered_display": "100", "missing_lines": 0, "excluded_lines": 0}, "missing_lines": [], "excluded_lines": []}, "CopilotCLIAdapter._enhance_code_prompt": {"executed_lines": [196, 198, 199, 201, 202, 203, 204, 206, 208, 209, 211], "summary": {"covered_lines": 11, "num_statements": 11, "percent_covered": 100.0, "percent_covered_display": "100", "missing_lines": 0, "excluded_lines": 0}, "missing_lines": [], "excluded_lines": []}, "CopilotCLIAdapter._extract_code_from_response": {"executed_lines": [217, 220, 224, 227], "summary": {"covered_lines": 4, "num_statements": 6, "percent_covered": 66.66666666666667, "percent_covered_display": "67", "missing_lines": 2, "excluded_lines": 0}, "missing_lines": [221, 225], "excluded_lines": []}, "GeminiCLIAdapter.cli_command": {"executed_lines": [240], "summary": {"covered_lines": 1, "num_statements": 1, "percent_covered": 100.0, "percent_covered_display": "100", "missing_lines": 0, "excluded_lines": 0}, "missing_lines": [], "excluded_lines": []}, "GeminiCLIAdapter.provider_name": {"executed_lines": [244], "summary": {"covered_lines": 1, "num_statements": 1, "percent_covered": 100.0, "percent_covered_display": "100", "missing_lines": 0, "excluded_lines": 0}, "missing_lines": [], "excluded_lines": []}, "GeminiCLIAdapter._build_command": {"executed_lines": [253, 264], "summary": {"covered_lines": 2, "num_statements": 2, "percent_covered": 100.0, "percent_covered_display": "100", "missing_lines": 0, "excluded_lines": 0}, "missing_lines": [], "excluded_lines": []}, "GeminiCLIAdapter.get_install_instructions": {"executed_lines": [267], "summary": {"covered_lines": 1, "num_statements": 1, "percent_covered": 100.0, "percent_covered_display": "100", "missing_lines": 0, "excluded_lines": 0}, "missing_lines": [], "excluded_lines": []}, "GeminiCLIAdapter.execute_prompt": {"executed_lines": [280, 283, 286], "summary": {"covered_lines": 3, "num_statements": 3, "percent_covered": 100.0, "percent_covered_display": "100", "missing_lines": 0, "excluded_lines": 0}, "missing_lines": [], "excluded_lines": []}, "GeminiCLIAdapter._enhance_code_prompt": {"executed_lines": [290, 294, 297, 301, 305, 307], "summary": {"covered_lines": 6, "num_statements": 11, "percent_covered": 54.54545454545455, "percent_covered_display": "55", "missing_lines": 5, "excluded_lines": 0}, "missing_lines": [295, 298, 299, 302, 303], "excluded_lines": []}, "GeminiCLIAdapter._extract_code_from_response": {"executed_lines": [313, 315, 316, 317, 319, 320, 321, 322, 323, 324, 326, 327], "summary": {"covered_lines": 12, "num_statements": 13, "percent_covered": 92.3076923076923, "percent_covered_display": "92", "missing_lines": 1, "excluded_lines": 0}, "missing_lines": [330], "excluded_lines": []}, "QwenCLIAdapter.cli_command": {"executed_lines": [343], "summary": {"covered_lines": 1, "num_statements": 1, "percent_covered": 100.0, "percent_covered_display": "100", "missing_lines": 0, "excluded_lines": 0}, "missing_lines": [], "excluded_lines": []}, "QwenCLIAdapter.provider_name": {"executed_lines": [347], "summary": {"covered_lines": 1, "num_statements": 1, "percent_covered": 100.0, "percent_covered_display": "100", "missing_lines": 0, "excluded_lines": 0}, "missing_lines": [], "excluded_lines": []}, "QwenCLIAdapter._build_command": {"executed_lines": [356, 367], "summary": {"covered_lines": 2, "num_statements": 2, "percent_covered": 100.0, "percent_covered_display": "100", "missing_lines": 0, "excluded_lines": 0}, "missing_lines": [], "excluded_lines": []}, "QwenCLIAdapter.get_install_instructions": {"executed_lines": [370], "summary": {"covered_lines": 1, "num_statements": 1, "percent_covered": 100.0, "percent_covered_display": "100", "missing_lines": 0, "excluded_lines": 0}, "missing_lines": [], "excluded_lines": []}, "QwenCLIAdapter.execute_prompt": {"executed_lines": [381, 384, 387], "summary": {"covered_lines": 3, "num_statements": 3, "percent_covered": 100.0, "percent_covered_display": "100", "missing_lines": 0, "excluded_lines": 0}, "missing_lines": [], "excluded_lines": []}, "QwenCLIAdapter._enhance_code_prompt": {"executed_lines": [391, 395, 396, 398, 399, 400, 402, 406, 408], "summary": {"covered_lines": 9, "num_statements": 11, "percent_covered": 81.81818181818181, "percent_covered_display": "82", "missing_lines": 2, "excluded_lines": 0}, "missing_lines": [403, 404], "excluded_lines": []}, "QwenCLIAdapter._extract_code_from_response": {"executed_lines": [414, 415, 416, 417, 419, 420, 421, 422, 423, 424, 426, 427, 430], "summary": {"covered_lines": 13, "num_statements": 13, "percent_covered": 100.0, "percent_covered_display": "100", "missing_lines": 0, "excluded_lines": 0}, "missing_lines": [], "excluded_lines": []}, "DeepAgentsAdapter.cli_command": {"executed_lines": [438], "summary": {"covered_lines": 1, "num_statements": 1, "percent_covered": 100.0, "percent_covered_display": "100", "missing_lines": 0, "excluded_lines": 0}, "missing_lines": [], "excluded_lines": []}, "DeepAgentsAdapter.provider_name": {"executed_lines": [], "summary": {"covered_lines": 0, "num_statements": 1, "percent_covered": 0.0, "percent_covered_display": "0", "missing_lines": 1, "excluded_lines": 0}, "missing_lines": [442], "excluded_lines": []}, "DeepAgentsAdapter._build_command": {"executed_lines": [445], "summary": {"covered_lines": 1, "num_statements": 1, "percent_covered": 100.0, "percent_covered_display": "100", "missing_lines": 0, "excluded_lines": 0}, "missing_lines": [], "excluded_lines": []}, "DeepAgentsAdapter.get_install_instructions": {"executed_lines": [], "summary": {"covered_lines": 0, "num_statements": 1, "percent_covered": 0.0, "percent_covered_display": "0", "missing_lines": 1, "excluded_lines": 0}, "missing_lines": [448], "excluded_lines": []}, "CodexAdapter.cli_command": {"executed_lines": [456], "summary": {"covered_lines": 1, "num_statements": 1, "percent_covered": 100.0, "percent_covered_display": "100", "missing_lines": 0, "excluded_lines": 0}, "missing_lines": [], "excluded_lines": []}, "CodexAdapter.provider_name": {"executed_lines": [], "summary": {"covered_lines": 0, "num_statements": 1, "percent_covered": 0.0, "percent_covered_display": "0", "missing_lines": 1, "excluded_lines": 0}, "missing_lines": [460], "excluded_lines": []}, "CodexAdapter._build_command": {"executed_lines": [464], "summary": {"covered_lines": 1, "num_statements": 1, "percent_covered": 100.0, "percent_covered_display": "100", "missing_lines": 0, "excluded_lines": 0}, "missing_lines": [], "excluded_lines": []}, "CodexAdapter.get_install_instructions": {"executed_lines": [], "summary": {"covered_lines": 0, "num_statements": 1, "percent_covered": 0.0, "percent_covered_display": "0", "missing_lines": 1, "excluded_lines": 0}, "missing_lines": [467], "excluded_lines": []}, "RovoDevAdapter.cli_command": {"executed_lines": [475], "summary": {"covered_lines": 1, "num_statements": 1, "percent_covered": 100.0, "percent_covered_display": "100", "missing_lines": 0, "excluded_lines": 0}, "missing_lines": [], "excluded_lines": []}, "RovoDevAdapter.provider_name": {"executed_lines": [], "summary": {"covered_lines": 0, "num_statements": 1, "percent_covered": 0.0, "percent_covered_display": "0", "missing_lines": 1, "excluded_lines": 0}, "missing_lines": [479], "excluded_lines": []}, "RovoDevAdapter._build_command": {"executed_lines": [483], "summary": {"covered_lines": 1, "num_statements": 1, "percent_covered": 100.0, "percent_covered_display": "100", "missing_lines": 0, "excluded_lines": 0}, "missing_lines": [], "excluded_lines": []}, "RovoDevAdapter.get_install_instructions": {"executed_lines": [], "summary": {"covered_lines": 0, "num_statements": 1, "percent_covered": 0.0, "percent_covered_display": "0", "missing_lines": 1, "excluded_lines": 0}, "missing_lines": [486], "excluded_lines": []}, "": {"executed_lines": [1, 22, 23, 24, 25, 26, 28, 31, 32, 34, 37, 38, 40, 43, 44, 46, 49, 50, 56, 57, 58, 62, 63, 64, 68, 72, 120, 121, 125, 126, 131, 132, 139, 140, 143, 144, 147, 174, 177, 194, 213, 230, 231, 238, 239, 242, 243, 246, 266, 271, 288, 309, 333, 334, 341, 342, 345, 346, 349, 369, 372, 389, 410, 433, 434, 436, 437, 440, 441, 444, 447, 451, 452, 454, 455, 458, 459, 462, 466, 470, 471, 473, 474, 477, 478, 481, 485], "summary": {"covered_lines": 76, "num_statements": 76, "percent_covered": 100.0, "percent_covered_display": "100", "missing_lines": 0, "excluded_lines": 0}, "missing_lines": [], "excluded_lines": []}}, "classes": {"CodeCLIError": {"executed_lines": [], "summary": {"covered_lines": 0, "num_statements": 0, "percent_covered": 100.0, "percent_covered_display": "100", "missing_lines": 0, "excluded_lines": 0}, "missing_lines": [], "excluded_lines": []}, "CodeCLINotFoundError": {"executed_lines": [], "summary": {"covered_lines": 0, "num_statements": 0, "percent_covered": 100.0, "percent_covered_display": "100", "missing_lines": 0, "excluded_lines": 0}, "missing_lines": [], "excluded_lines": []}, "CodeCLIExecutionError": {"executed_lines": [], "summary": {"covered_lines": 0, "num_statements": 0, "percent_covered": 100.0, "percent_covered_display": "100", "missing_lines": 0, "excluded_lines": 0}, "missing_lines": [], "excluded_lines": []}, "CodeCLIAdapter": {"executed_lines": [70, 90, 91, 95, 97, 98, 104, 106, 107, 111, 113, 117, 118], "summary": {"covered_lines": 13, "num_statements": 18, "percent_covered": 72.22222222222223, "percent_covered_display": "72", "missing_lines": 5, "excluded_lines": 0}, "missing_lines": [60, 66, 114, 123, 128], "excluded_lines": []}, "CopilotCLIAdapter": {"executed_lines": [141, 145, 154, 163, 165, 168, 170, 172, 175, 186, 189, 192, 196, 198, 199, 201, 202, 203, 204, 206, 208, 209, 211, 217, 220, 224, 227], "summary": {"covered_lines": 27, "num_statements": 29, "percent_covered": 93.10344827586206, "percent_covered_display": "93", "missing_lines": 2, "excluded_lines": 0}, "missing_lines": [221, 225], "excluded_lines": []}, "GeminiCLIAdapter": {"executed_lines": [240, 244, 253, 264, 267, 280, 283, 286, 290, 294, 297, 301, 305, 307, 313, 315, 316, 317, 319, 320, 321, 322, 323, 324, 326, 327], "summary": {"covered_lines": 26, "num_statements": 32, "percent_covered": 81.25, "percent_covered_display": "81", "missing_lines": 6, "excluded_lines": 0}, "missing_lines": [295, 298, 299, 302, 303, 330], "excluded_lines": []}, "QwenCLIAdapter": {"executed_lines": [343, 347, 356, 367, 370, 381, 384, 387, 391, 395, 396, 398, 399, 400, 402, 406, 408, 414, 415, 416, 417, 419, 420, 421, 422, 423, 424, 426, 427, 430], "summary": {"covered_lines": 30, "num_statements": 32, "percent_covered": 93.75, "percent_covered_display": "94", "missing_lines": 2, "excluded_lines": 0}, "missing_lines": [403, 404], "excluded_lines": []}, "DeepAgentsAdapter": {"executed_lines": [438, 445], "summary": {"covered_lines": 2, "num_statements": 4, "percent_covered": 50.0, "percent_covered_display": "50", "missing_lines": 2, "excluded_lines": 0}, "missing_lines": [442, 448], "excluded_lines": []}, "CodexAdapter": {"executed_lines": [456, 464], "summary": {"covered_lines": 2, "num_statements": 4, "percent_covered": 50.0, "percent_covered_display": "50", "missing_lines": 2, "excluded_lines": 0}, "missing_lines": [460, 467], "excluded_lines": []}, "RovoDevAdapter": {"executed_lines": [475, 483], "summary": {"covered_lines": 2, "num_statements": 4, "percent_covered": 50.0, "percent_covered_display": "50", "missing_lines": 2, "excluded_lines": 0}, "missing_lines": [479, 486], "excluded_lines": []}, "": {"executed_lines": [1, 22, 23, 24, 25, 26, 28, 31, 32, 34, 37, 38, 40, 43, 44, 46, 49, 50, 56, 57, 58, 62, 63, 64, 68, 72, 120, 121, 125, 126, 131, 132, 139, 140, 143, 144, 147, 174, 177, 194, 213, 230, 231, 238, 239, 242, 243, 246, 266, 271, 288, 309, 333, 334, 341, 342, 345, 346, 349, 369, 372, 389, 410, 433, 434, 436, 437, 440, 441, 444, 447, 451, 452, 454, 455, 458, 459, 462, 466, 470, 471, 473, 474, 477, 478, 481, 485], "summary": {"covered_lines": 76, "num_statements": 76, "percent_covered": 100.0, "percent_covered_display": "100", "missing_lines": 0, "excluded_lines": 0}, "missing_lines": [], "excluded_lines": []}}}, "src\\cde_orchestrator\\adapters\\agents\\jules_async_adapter.py": {"executed_lines": [1, 23, 24, 25, 26, 27, 29, 30, 31, 33, 41, 42, 45, 46, 48, 51, 52, 54, 57, 58, 60, 63, 64, 66, 69, 70, 71, 84, 85, 86, 87, 88, 89, 90, 93, 94, 125, 155, 163, 263, 315, 336, 366, 384, 404, 432], "summary": {"covered_lines": 32, "num_statements": 127, "percent_covered": 25.19685039370079, "percent_covered_display": "25", "missing_lines": 95, "excluded_lines": 0}, "missing_lines": [34, 35, 36, 37, 38, 39, 144, 145, 149, 150, 151, 152, 153, 157, 158, 161, 192, 194, 196, 198, 201, 202, 203, 204, 209, 217, 218, 221, 222, 227, 230, 232, 247, 260, 261, 281, 282, 283, 286, 289, 292, 293, 294, 295, 296, 298, 299, 300, 303, 304, 305, 306, 307, 308, 310, 322, 323, 330, 331, 332, 333, 334, 353, 354, 356, 358, 359, 361, 362, 364, 376, 377, 378, 379, 380, 381, 382, 394, 414, 415, 416, 417, 418, 420, 421, 422, 423, 425, 426, 427, 428, 430, 434, 435, 436], "excluded_lines": [], "functions": {"JulesAsyncAdapter.__init__": {"executed_lines": [], "summary": {"covered_lines": 0, "num_statements": 7, "percent_covered": 0.0, "percent_covered_display": "0", "missing_lines": 7, "excluded_lines": 0}, "missing_lines": [144, 145, 149, 150, 151, 152, 153], "excluded_lines": []}, "JulesAsyncAdapter._get_client": {"executed_lines": [], "summary": {"covered_lines": 0, "num_statements": 3, "percent_covered": 0.0, "percent_covered_display": "0", "missing_lines": 3, "excluded_lines": 0}, "missing_lines": [157, 158, 161], "excluded_lines": []}, "JulesAsyncAdapter.execute_prompt": {"executed_lines": [], "summary": {"covered_lines": 0, "num_statements": 19, "percent_covered": 0.0, "percent_covered_display": "0", "missing_lines": 19, "excluded_lines": 0}, "missing_lines": [192, 194, 196, 198, 201, 202, 203, 204, 209, 217, 218, 221, 222, 227, 230, 232, 247, 260, 261], "excluded_lines": []}, "JulesAsyncAdapter._resolve_source": {"executed_lines": [], "summary": {"covered_lines": 0, "num_statements": 20, "percent_covered": 0.0, "percent_covered_display": "0", "missing_lines": 20, "excluded_lines": 0}, "missing_lines": [281, 282, 283, 286, 289, 292, 293, 294, 295, 296, 298, 299, 300, 303, 304, 305, 306, 307, 308, 310], "excluded_lines": []}, "JulesAsyncAdapter._get_git_remote": {"executed_lines": [], "summary": {"covered_lines": 0, "num_statements": 7, "percent_covered": 0.0, "percent_covered_display": "0", "missing_lines": 7, "excluded_lines": 0}, "missing_lines": [322, 323, 330, 331, 332, 333, 334], "excluded_lines": []}, "JulesAsyncAdapter._handle_plan_approval": {"executed_lines": [], "summary": {"covered_lines": 0, "num_statements": 8, "percent_covered": 0.0, "percent_covered_display": "0", "missing_lines": 8, "excluded_lines": 0}, "missing_lines": [353, 354, 356, 358, 359, 361, 362, 364], "excluded_lines": []}, "JulesAsyncAdapter._extract_modified_files": {"executed_lines": [], "summary": {"covered_lines": 0, "num_statements": 7, "percent_covered": 0.0, "percent_covered_display": "0", "missing_lines": 7, "excluded_lines": 0}, "missing_lines": [376, 377, 378, 379, 380, 381, 382], "excluded_lines": []}, "JulesAsyncAdapter._activity_to_dict": {"executed_lines": [], "summary": {"covered_lines": 0, "num_statements": 1, "percent_covered": 0.0, "percent_covered_display": "0", "missing_lines": 1, "excluded_lines": 0}, "missing_lines": [394], "excluded_lines": []}, "JulesAsyncAdapter._format_activities_log": {"executed_lines": [], "summary": {"covered_lines": 0, "num_statements": 14, "percent_covered": 0.0, "percent_covered_display": "0", "missing_lines": 14, "excluded_lines": 0}, "missing_lines": [414, 415, 416, 417, 418, 420, 421, 422, 423, 425, 426, 427, 428, 430], "excluded_lines": []}, "JulesAsyncAdapter.close": {"executed_lines": [], "summary": {"covered_lines": 0, "num_statements": 3, "percent_covered": 0.0, "percent_covered_display": "0", "missing_lines": 3, "excluded_lines": 0}, "missing_lines": [434, 435, 436], "excluded_lines": []}, "": {"executed_lines": [1, 23, 24, 25, 26, 27, 29, 30, 31, 33, 41, 42, 45, 46, 48, 51, 52, 54, 57, 58, 60, 63, 64, 66, 69, 70, 71, 84, 85, 86, 87, 88, 89, 90, 93, 94, 125, 155, 163, 263, 315, 336, 366, 384, 404, 432], "summary": {"covered_lines": 32, "num_statements": 38, "percent_covered": 84.21052631578948, "percent_covered_display": "84", "missing_lines": 6, "excluded_lines": 0}, "missing_lines": [34, 35, 36, 37, 38, 39], "excluded_lines": []}}, "classes": {"JulesError": {"executed_lines": [], "summary": {"covered_lines": 0, "num_statements": 0, "percent_covered": 100.0, "percent_covered_display": "100", "missing_lines": 0, "excluded_lines": 0}, "missing_lines": [], "excluded_lines": []}, "JulesNotInstalledError": {"executed_lines": [], "summary": {"covered_lines": 0, "num_statements": 0, "percent_covered": 100.0, "percent_covered_display": "100", "missing_lines": 0, "excluded_lines": 0}, "missing_lines": [], "excluded_lines": []}, "JulesSourceNotFoundError": {"executed_lines": [], "summary": {"covered_lines": 0, "num_statements": 0, "percent_covered": 100.0, "percent_covered_display": "100", "missing_lines": 0, "excluded_lines": 0}, "missing_lines": [], "excluded_lines": []}, "JulesExecutionError": {"executed_lines": [], "summary": {"covered_lines": 0, "num_statements": 0, "percent_covered": 100.0, "percent_covered_display": "100", "missing_lines": 0, "excluded_lines": 0}, "missing_lines": [], "excluded_lines": []}, "ExecutionResult": {"executed_lines": [], "summary": {"covered_lines": 0, "num_statements": 0, "percent_covered": 100.0, "percent_covered_display": "100", "missing_lines": 0, "excluded_lines": 0}, "missing_lines": [], "excluded_lines": []}, "JulesAsyncAdapter": {"executed_lines": [], "summary": {"covered_lines": 0, "num_statements": 89, "percent_covered": 0.0, "percent_covered_display": "0", "missing_lines": 89, "excluded_lines": 0}, "missing_lines": [144, 145, 149, 150, 151, 152, 153, 157, 158, 161, 192, 194, 196, 198, 201, 202, 203, 204, 209, 217, 218, 221, 222, 227, 230, 232, 247, 260, 261, 281, 282, 283, 286, 289, 292, 293, 294, 295, 296, 298, 299, 300, 303, 304, 305, 306, 307, 308, 310, 322, 323, 330, 331, 332, 333, 334, 353, 354, 356, 358, 359, 361, 362, 364, 376, 377, 378, 379, 380, 381, 382, 394, 414, 415, 416, 417, 418, 420, 421, 422, 423, 425, 426, 427, 428, 430, 434, 435, 436], "excluded_lines": []}, "": {"executed_lines": [1, 23, 24, 25, 26, 27, 29, 30, 31, 33, 41, 42, 45, 46, 48, 51, 52, 54, 57, 58, 60, 63, 64, 66, 69, 70, 71, 84, 85, 86, 87, 88, 89, 90, 93, 94, 125, 155, 163, 263, 315, 336, 366, 384, 404, 432], "summary": {"covered_lines": 32, "num_statements": 38, "percent_covered": 84.21052631578948, "percent_covered_display": "84", "missing_lines": 6, "excluded_lines": 0}, "missing_lines": [34, 35, 36, 37, 38, 39], "excluded_lines": []}}}, "src\\cde_orchestrator\\adapters\\agents\\jules_cli_adapter.py": {"executed_lines": [1, 31, 32, 33, 34, 35, 36, 37, 39, 42, 43, 45, 48, 49, 68, 69, 71, 132, 179, 228, 265, 334, 387, 388, 409, 410], "summary": {"covered_lines": 23, "num_statements": 119, "percent_covered": 19.327731092436974, "percent_covered_display": "19", "missing_lines": 96, "excluded_lines": 0}, "missing_lines": [94, 95, 96, 98, 99, 102, 103, 108, 109, 111, 115, 116, 123, 124, 147, 149, 156, 157, 170, 174, 175, 176, 177, 204, 207, 210, 213, 237, 238, 246, 247, 251, 253, 254, 258, 260, 261, 262, 263, 282, 284, 285, 286, 293, 295, 297, 298, 300, 301, 303, 305, 306, 310, 311, 315, 317, 319, 320, 321, 323, 324, 326, 327, 330, 343, 344, 358, 359, 363, 371, 372, 378, 380, 382, 383, 384, 385, 391, 397, 398, 399, 400, 403, 404, 405, 407, 413, 414, 416, 417, 418, 421, 422, 423, 424, 426], "excluded_lines": [], "functions": {"JulesCLIAdapter.execute_prompt": {"executed_lines": [], "summary": {"covered_lines": 0, "num_statements": 14, "percent_covered": 0.0, "percent_covered_display": "0", "missing_lines": 14, "excluded_lines": 0}, "missing_lines": [94, 95, 96, 98, 99, 102, 103, 108, 109, 111, 115, 116, 123, 124], "excluded_lines": []}, "JulesCLIAdapter._execute_interactive": {"executed_lines": [], "summary": {"covered_lines": 0, "num_statements": 9, "percent_covered": 0.0, "percent_covered_display": "0", "missing_lines": 9, "excluded_lines": 0}, "missing_lines": [147, 149, 156, 157, 170, 174, 175, 176, 177], "excluded_lines": []}, "JulesCLIAdapter._execute_headless": {"executed_lines": [], "summary": {"covered_lines": 0, "num_statements": 4, "percent_covered": 0.0, "percent_covered_display": "0", "missing_lines": 4, "excluded_lines": 0}, "missing_lines": [204, 207, 210, 213], "excluded_lines": []}, "JulesCLIAdapter._create_session": {"executed_lines": [], "summary": {"covered_lines": 0, "num_statements": 12, "percent_covered": 0.0, "percent_covered_display": "0", "missing_lines": 12, "excluded_lines": 0}, "missing_lines": [237, 238, 246, 247, 251, 253, 254, 258, 260, 261, 262, 263], "excluded_lines": []}, "JulesCLIAdapter._wait_for_completion": {"executed_lines": [], "summary": {"covered_lines": 0, "num_statements": 25, "percent_covered": 0.0, "percent_covered_display": "0", "missing_lines": 25, "excluded_lines": 0}, "missing_lines": [282, 284, 285, 286, 293, 295, 297, 298, 300, 301, 303, 305, 306, 310, 311, 315, 317, 319, 320, 321, 323, 324, 326, 327, 330], "excluded_lines": []}, "JulesCLIAdapter._pull_results": {"executed_lines": [], "summary": {"covered_lines": 0, "num_statements": 13, "percent_covered": 0.0, "percent_covered_display": "0", "missing_lines": 13, "excluded_lines": 0}, "missing_lines": [343, 344, 358, 359, 363, 371, 372, 378, 380, 382, 383, 384, 385], "excluded_lines": []}, "JulesCLIAdapter._extract_session_id": {"executed_lines": [], "summary": {"covered_lines": 0, "num_statements": 9, "percent_covered": 0.0, "percent_covered_display": "0", "missing_lines": 9, "excluded_lines": 0}, "missing_lines": [391, 397, 398, 399, 400, 403, 404, 405, 407], "excluded_lines": []}, "JulesCLIAdapter._extract_status": {"executed_lines": [], "summary": {"covered_lines": 0, "num_statements": 10, "percent_covered": 0.0, "percent_covered_display": "0", "missing_lines": 10, "excluded_lines": 0}, "missing_lines": [413, 414, 416, 417, 418, 421, 422, 423, 424, 426], "excluded_lines": []}, "": {"executed_lines": [1, 31, 32, 33, 34, 35, 36, 37, 39, 42, 43, 45, 48, 49, 68, 69, 71, 132, 179, 228, 265, 334, 387, 388, 409, 410], "summary": {"covered_lines": 23, "num_statements": 23, "percent_covered": 100.0, "percent_covered_display": "100", "missing_lines": 0, "excluded_lines": 0}, "missing_lines": [], "excluded_lines": []}}, "classes": {"JulesCLIError": {"executed_lines": [], "summary": {"covered_lines": 0, "num_statements": 0, "percent_covered": 100.0, "percent_covered_display": "100", "missing_lines": 0, "excluded_lines": 0}, "missing_lines": [], "excluded_lines": []}, "JulesCLIAdapter": {"executed_lines": [], "summary": {"covered_lines": 0, "num_statements": 96, "percent_covered": 0.0, "percent_covered_display": "0", "missing_lines": 96, "excluded_lines": 0}, "missing_lines": [94, 95, 96, 98, 99, 102, 103, 108, 109, 111, 115, 116, 123, 124, 147, 149, 156, 157, 170, 174, 175, 176, 177, 204, 207, 210, 213, 237, 238, 246, 247, 251, 253, 254, 258, 260, 261, 262, 263, 282, 284, 285, 286, 293, 295, 297, 298, 300, 301, 303, 305, 306, 310, 311, 315, 317, 319, 320, 321, 323, 324, 326, 327, 330, 343, 344, 358, 359, 363, 371, 372, 378, 380, 382, 383, 384, 385, 391, 397, 398, 399, 400, 403, 404, 405, 407, 413, 414, 416, 417, 418, 421, 422, 423, 424, 426], "excluded_lines": []}, "": {"executed_lines": [1, 31, 32, 33, 34, 35, 36, 37, 39, 42, 43, 45, 48, 49, 68, 69, 71, 132, 179, 228, 265, 334, 387, 388, 409, 410], "summary": {"covered_lines": 23, "num_statements": 23, "percent_covered": 100.0, "percent_covered_display": "100", "missing_lines": 0, "excluded_lines": 0}, "missing_lines": [], "excluded_lines": []}}}, "src\\cde_orchestrator\\adapters\\agents\\jules_facade.py": {"executed_lines": [1, 13, 14, 15, 16, 17, 18, 19, 21, 24, 25, 26, 28, 29, 30, 33, 34, 35, 37, 38, 39, 42, 43, 59, 61, 62, 63, 64, 66, 91, 97, 98, 101, 104, 105, 107, 110, 112, 118, 119, 120, 121, 122, 124, 125, 130, 131, 132, 137, 148, 149, 152, 153, 154, 155, 157, 159, 165, 167, 170, 171, 174, 175, 176, 178, 179, 180, 182, 183, 184, 189, 190, 196, 198, 199, 200, 201, 202, 203, 204, 206, 208, 210, 212, 215, 216, 217, 218, 219, 220, 225, 226, 233, 234, 240, 241, 242, 243, 246, 247, 248, 254, 255, 256, 257, 258, 260, 262, 263, 264, 266, 267, 268, 270, 272, 274, 313, 362, 398, 433, 435, 442, 443, 446, 447, 461, 477, 493, 496, 497, 499, 500, 508, 509, 524, 539, 555, 558, 563, 564, 565, 571], "summary": {"covered_lines": 132, "num_statements": 203, "percent_covered": 65.02463054187191, "percent_covered_display": "65", "missing_lines": 71, "excluded_lines": 0}, "missing_lines": [92, 94, 115, 123, 127, 133, 134, 135, 186, 191, 192, 193, 221, 222, 223, 265, 286, 287, 288, 291, 293, 294, 295, 298, 300, 301, 302, 305, 307, 308, 311, 320, 321, 322, 324, 325, 327, 329, 336, 338, 339, 340, 342, 344, 352, 353, 369, 370, 371, 373, 375, 382, 383, 384, 386, 388, 389, 405, 406, 407, 409, 411, 418, 419, 421, 423, 424, 464, 559, 560, 569], "excluded_lines": [], "functions": {"JulesFacade.__init__": {"executed_lines": [61, 62, 63, 64], "summary": {"covered_lines": 4, "num_statements": 4, "percent_covered": 100.0, "percent_covered_display": "100", "missing_lines": 0, "excluded_lines": 0}, "missing_lines": [], "excluded_lines": []}, "JulesFacade.execute_prompt": {"executed_lines": [91, 97, 98, 101, 104, 105, 107, 110, 112, 118, 119, 120, 121, 122, 124, 125, 130, 131, 132], "summary": {"covered_lines": 19, "num_statements": 27, "percent_covered": 70.37037037037037, "percent_covered_display": "70", "missing_lines": 8, "excluded_lines": 0}, "missing_lines": [92, 94, 115, 123, 127, 133, 134, 135], "excluded_lines": []}, "JulesFacade._detect_modes": {"executed_lines": [148, 149, 152, 153, 154, 155, 157, 159], "summary": {"covered_lines": 8, "num_statements": 8, "percent_covered": 100.0, "percent_covered_display": "100", "missing_lines": 0, "excluded_lines": 0}, "missing_lines": [], "excluded_lines": []}, "JulesFacade._check_api_mode": {"executed_lines": [167, 170, 171, 174, 175, 176, 178, 179, 180, 182, 183, 184, 189, 190, 196, 198, 199, 200, 201, 202, 203, 204, 206, 208], "summary": {"covered_lines": 24, "num_statements": 28, "percent_covered": 85.71428571428571, "percent_covered_display": "86", "missing_lines": 4, "excluded_lines": 0}, "missing_lines": [186, 191, 192, 193], "excluded_lines": []}, "JulesFacade._check_cli_mode": {"executed_lines": [212, 215, 216, 217, 218, 219, 220, 225, 226, 233, 234, 240, 241, 242, 243, 246, 247, 248, 254, 255, 256, 257, 258, 260, 262, 263, 264, 266, 267, 268, 270, 272], "summary": {"covered_lines": 32, "num_statements": 36, "percent_covered": 88.88888888888889, "percent_covered_display": "89", "missing_lines": 4, "excluded_lines": 0}, "missing_lines": [221, 222, 223, 265], "excluded_lines": []}, "JulesFacade._validate_mode_available": {"executed_lines": [], "summary": {"covered_lines": 0, "num_statements": 15, "percent_covered": 0.0, "percent_covered_display": "0", "missing_lines": 15, "excluded_lines": 0}, "missing_lines": [286, 287, 288, 291, 293, 294, 295, 298, 300, 301, 302, 305, 307, 308, 311], "excluded_lines": []}, "JulesFacade._execute_api": {"executed_lines": [], "summary": {"covered_lines": 0, "num_statements": 15, "percent_covered": 0.0, "percent_covered_display": "0", "missing_lines": 15, "excluded_lines": 0}, "missing_lines": [320, 321, 322, 324, 325, 327, 329, 336, 338, 339, 340, 342, 344, 352, 353], "excluded_lines": []}, "JulesFacade._execute_cli_headless": {"executed_lines": [], "summary": {"covered_lines": 0, "num_statements": 11, "percent_covered": 0.0, "percent_covered_display": "0", "missing_lines": 11, "excluded_lines": 0}, "missing_lines": [369, 370, 371, 373, 375, 382, 383, 384, 386, 388, 389], "excluded_lines": []}, "JulesFacade._execute_cli_interactive": {"executed_lines": [], "summary": {"covered_lines": 0, "num_statements": 10, "percent_covered": 0.0, "percent_covered_display": "0", "missing_lines": 10, "excluded_lines": 0}, "missing_lines": [405, 406, 407, 409, 411, 418, 419, 421, 423, 424], "excluded_lines": []}, "JulesFacade._generate_setup_guide": {"executed_lines": [435, 442, 443, 446, 447, 461, 477, 493, 496, 497, 499, 500, 508, 509, 524, 539, 555, 558, 563, 564, 565, 571], "summary": {"covered_lines": 22, "num_statements": 26, "percent_covered": 84.61538461538461, "percent_covered_display": "85", "missing_lines": 4, "excluded_lines": 0}, "missing_lines": [464, 559, 560, 569], "excluded_lines": []}, "": {"executed_lines": [1, 13, 14, 15, 16, 17, 18, 19, 21, 24, 25, 26, 28, 29, 30, 33, 34, 35, 37, 38, 39, 42, 43, 59, 66, 137, 165, 210, 274, 313, 362, 398, 433], "summary": {"covered_lines": 23, "num_statements": 23, "percent_covered": 100.0, "percent_covered_display": "100", "missing_lines": 0, "excluded_lines": 0}, "missing_lines": [], "excluded_lines": []}}, "classes": {"ModeInfo": {"executed_lines": [], "summary": {"covered_lines": 0, "num_statements": 0, "percent_covered": 100.0, "percent_covered_display": "100", "missing_lines": 0, "excluded_lines": 0}, "missing_lines": [], "excluded_lines": []}, "JulesModes": {"executed_lines": [], "summary": {"covered_lines": 0, "num_statements": 0, "percent_covered": 100.0, "percent_covered_display": "100", "missing_lines": 0, "excluded_lines": 0}, "missing_lines": [], "excluded_lines": []}, "JulesFacade": {"executed_lines": [61, 62, 63, 64, 91, 97, 98, 101, 104, 105, 107, 110, 112, 118, 119, 120, 121, 122, 124, 125, 130, 131, 132, 148, 149, 152, 153, 154, 155, 157, 159, 167, 170, 171, 174, 175, 176, 178, 179, 180, 182, 183, 184, 189, 190, 196, 198, 199, 200, 201, 202, 203, 204, 206, 208, 212, 215, 216, 217, 218, 219, 220, 225, 226, 233, 234, 240, 241, 242, 243, 246, 247, 248, 254, 255, 256, 257, 258, 260, 262, 263, 264, 266, 267, 268, 270, 272, 435, 442, 443, 446, 447, 461, 477, 493, 496, 497, 499, 500, 508, 509, 524, 539, 555, 558, 563, 564, 565, 571], "summary": {"covered_lines": 109, "num_statements": 180, "percent_covered": 60.55555555555556, "percent_covered_display": "61", "missing_lines": 71, "excluded_lines": 0}, "missing_lines": [92, 94, 115, 123, 127, 133, 134, 135, 186, 191, 192, 193, 221, 222, 223, 265, 286, 287, 288, 291, 293, 294, 295, 298, 300, 301, 302, 305, 307, 308, 311, 320, 321, 322, 324, 325, 327, 329, 336, 338, 339, 340, 342, 344, 352, 353, 369, 370, 371, 373, 375, 382, 383, 384, 386, 388, 389, 405, 406, 407, 409, 411, 418, 419, 421, 423, 424, 464, 559, 560, 569], "excluded_lines": []}, "": {"executed_lines": [1, 13, 14, 15, 16, 17, 18, 19, 21, 24, 25, 26, 28, 29, 30, 33, 34, 35, 37, 38, 39, 42, 43, 59, 66, 137, 165, 210, 274, 313, 362, 398, 433], "summary": {"covered_lines": 23, "num_statements": 23, "percent_covered": 100.0, "percent_covered_display": "100", "missing_lines": 0, "excluded_lines": 0}, "missing_lines": [], "excluded_lines": []}}}, "src\\cde_orchestrator\\adapters\\agents\\multi_agent_orchestrator.py": {"executed_lines": [1, 11, 12, 13, 15, 20, 22, 27, 30, 31, 37, 39, 41, 49, 50, 52, 62, 64, 71, 73, 83, 86, 87, 112, 119, 120, 122, 137, 139, 146, 148, 158, 160, 202, 203, 204, 205, 208, 210, 211, 214, 215, 216, 218, 219, 225, 239, 240, 243, 244, 245, 246, 247, 249, 250, 256, 257, 258, 259, 260, 261, 262, 281, 282, 286], "summary": {"covered_lines": 62, "num_statements": 81, "percent_covered": 76.54320987654322, "percent_covered_display": "77", "missing_lines": 19, "excluded_lines": 0}, "missing_lines": [230, 232, 236, 241, 264, 265, 266, 267, 270, 271, 273, 274, 278, 293, 294, 295, 296, 297, 303], "excluded_lines": [], "functions": {"AgentRegistry.__init__": {"executed_lines": [39], "summary": {"covered_lines": 1, "num_statements": 1, "percent_covered": 100.0, "percent_covered_display": "100", "missing_lines": 0, "excluded_lines": 0}, "missing_lines": [], "excluded_lines": []}, "AgentRegistry.register": {"executed_lines": [49, 50], "summary": {"covered_lines": 2, "num_statements": 2, "percent_covered": 100.0, "percent_covered_display": "100", "missing_lines": 0, "excluded_lines": 0}, "missing_lines": [], "excluded_lines": []}, "AgentRegistry.get": {"executed_lines": [62], "summary": {"covered_lines": 1, "num_statements": 1, "percent_covered": 100.0, "percent_covered_display": "100", "missing_lines": 0, "excluded_lines": 0}, "missing_lines": [], "excluded_lines": []}, "AgentRegistry.get_available": {"executed_lines": [71], "summary": {"covered_lines": 1, "num_statements": 1, "percent_covered": 100.0, "percent_covered_display": "100", "missing_lines": 0, "excluded_lines": 0}, "missing_lines": [], "excluded_lines": []}, "AgentRegistry.is_available": {"executed_lines": [83], "summary": {"covered_lines": 1, "num_statements": 1, "percent_covered": 100.0, "percent_covered_display": "100", "missing_lines": 0, "excluded_lines": 0}, "missing_lines": [], "excluded_lines": []}, "MultiAgentOrchestrator.__init__": {"executed_lines": [119, 120], "summary": {"covered_lines": 2, "num_statements": 2, "percent_covered": 100.0, "percent_covered_display": "100", "missing_lines": 0, "excluded_lines": 0}, "missing_lines": [], "excluded_lines": []}, "MultiAgentOrchestrator.register_agent": {"executed_lines": [137], "summary": {"covered_lines": 1, "num_statements": 1, "percent_covered": 100.0, "percent_covered_display": "100", "missing_lines": 0, "excluded_lines": 0}, "missing_lines": [], "excluded_lines": []}, "MultiAgentOrchestrator.get_available_agents": {"executed_lines": [146], "summary": {"covered_lines": 1, "num_statements": 1, "percent_covered": 100.0, "percent_covered_display": "100", "missing_lines": 0, "excluded_lines": 0}, "missing_lines": [], "excluded_lines": []}, "MultiAgentOrchestrator.is_agent_available": {"executed_lines": [158], "summary": {"covered_lines": 1, "num_statements": 1, "percent_covered": 100.0, "percent_covered_display": "100", "missing_lines": 0, "excluded_lines": 0}, "missing_lines": [], "excluded_lines": []}, "MultiAgentOrchestrator.execute_prompt": {"executed_lines": [202, 203, 204, 205, 208, 210, 211, 214, 215, 216, 218, 219, 225, 239, 240, 243, 244, 245, 246, 247, 249, 250, 256, 257, 258, 259, 260, 261, 262, 281, 282], "summary": {"covered_lines": 31, "num_statements": 44, "percent_covered": 70.45454545454545, "percent_covered_display": "70", "missing_lines": 13, "excluded_lines": 0}, "missing_lines": [230, 232, 236, 241, 264, 265, 266, 267, 270, 271, 273, 274, 278], "excluded_lines": []}, "MultiAgentOrchestrator.get_agent_capabilities": {"executed_lines": [], "summary": {"covered_lines": 0, "num_statements": 6, "percent_covered": 0.0, "percent_covered_display": "0", "missing_lines": 6, "excluded_lines": 0}, "missing_lines": [293, 294, 295, 296, 297, 303], "excluded_lines": []}, "": {"executed_lines": [1, 11, 12, 13, 15, 20, 22, 27, 30, 31, 37, 41, 52, 64, 73, 86, 87, 112, 122, 139, 148, 160, 286], "summary": {"covered_lines": 20, "num_statements": 20, "percent_covered": 100.0, "percent_covered_display": "100", "missing_lines": 0, "excluded_lines": 0}, "missing_lines": [], "excluded_lines": []}}, "classes": {"AgentRegistry": {"executed_lines": [39, 49, 50, 62, 71, 83], "summary": {"covered_lines": 6, "num_statements": 6, "percent_covered": 100.0, "percent_covered_display": "100", "missing_lines": 0, "excluded_lines": 0}, "missing_lines": [], "excluded_lines": []}, "MultiAgentOrchestrator": {"executed_lines": [119, 120, 137, 146, 158, 202, 203, 204, 205, 208, 210, 211, 214, 215, 216, 218, 219, 225, 239, 240, 243, 244, 245, 246, 247, 249, 250, 256, 257, 258, 259, 260, 261, 262, 281, 282], "summary": {"covered_lines": 36, "num_statements": 55, "percent_covered": 65.45454545454545, "percent_covered_display": "65", "missing_lines": 19, "excluded_lines": 0}, "missing_lines": [230, 232, 236, 241, 264, 265, 266, 267, 270, 271, 273, 274, 278, 293, 294, 295, 296, 297, 303], "excluded_lines": []}, "": {"executed_lines": [1, 11, 12, 13, 15, 20, 22, 27, 30, 31, 37, 41, 52, 64, 73, 86, 87, 112, 122, 139, 148, 160, 286], "summary": {"covered_lines": 20, "num_statements": 20, "percent_covered": 100.0, "percent_covered_display": "100", "missing_lines": 0, "excluded_lines": 0}, "missing_lines": [], "excluded_lines": []}}}, "src\\cde_orchestrator\\adapters\\documentation\\__init__.py": {"executed_lines": [], "summary": {"covered_lines": 0, "num_statements": 2, "percent_covered": 0.0, "percent_covered_display": "0", "missing_lines": 2, "excluded_lines": 0}, "missing_lines": [3, 10], "excluded_lines": [], "functions": {"": {"executed_lines": [], "summary": {"covered_lines": 0, "num_statements": 2, "percent_covered": 0.0, "percent_covered_display": "0", "missing_lines": 2, "excluded_lines": 0}, "missing_lines": [3, 10], "excluded_lines": []}}, "classes": {"": {"executed_lines": [], "summary": {"covered_lines": 0, "num_statements": 2, "percent_covered": 0.0, "percent_covered_display": "0", "missing_lines": 2, "excluded_lines": 0}, "missing_lines": [3, 10], "excluded_lines": []}}}, "src\\cde_orchestrator\\adapters\\documentation\\llm_cli_adapter.py": {"executed_lines": [], "summary": {"covered_lines": 0, "num_statements": 193, "percent_covered": 0.0, "percent_covered_display": "0", "missing_lines": 193, "excluded_lines": 0}, "missing_lines": [22, 23, 24, 25, 27, 28, 31, 34, 37, 40, 43, 46, 49, 56, 57, 58, 60, 62, 63, 64, 66, 68, 70, 72, 90, 91, 95, 97, 98, 103, 105, 106, 110, 112, 113, 116, 117, 119, 120, 124, 126, 127, 129, 132, 140, 141, 142, 144, 145, 146, 148, 157, 168, 169, 173, 179, 180, 181, 183, 191, 192, 193, 195, 197, 199, 201, 203, 207, 223, 226, 227, 233, 234, 237, 239, 240, 242, 245, 253, 254, 255, 257, 258, 259, 261, 270, 281, 282, 284, 290, 291, 292, 294, 302, 303, 304, 306, 308, 310, 312, 314, 318, 334, 336, 337, 338, 339, 341, 342, 343, 345, 348, 356, 357, 358, 360, 361, 362, 364, 373, 381, 382, 384, 390, 391, 392, 394, 402, 403, 404, 406, 408, 410, 412, 414, 418, 434, 436, 437, 438, 439, 441, 442, 443, 445, 448, 460, 462, 467, 473, 491, 492, 494, 496, 497, 498, 499, 500, 502, 503, 504, 505, 506, 509, 510, 512, 517, 525, 526, 528, 530, 531, 532, 533, 534, 536, 537, 540, 541, 542, 544, 545, 547, 549, 551, 552, 553, 555, 557, 558, 559, 560, 561], "excluded_lines": [], "functions": {"BaseLLMCLIAdapter.provider": {"executed_lines": [], "summary": {"covered_lines": 0, "num_statements": 1, "percent_covered": 0.0, "percent_covered_display": "0", "missing_lines": 1, "excluded_lines": 0}, "missing_lines": [60], "excluded_lines": []}, "BaseLLMCLIAdapter.cli_command": {"executed_lines": [], "summary": {"covered_lines": 0, "num_statements": 1, "percent_covered": 0.0, "percent_covered_display": "0", "missing_lines": 1, "excluded_lines": 0}, "missing_lines": [66], "excluded_lines": []}, "BaseLLMCLIAdapter.is_available": {"executed_lines": [], "summary": {"covered_lines": 0, "num_statements": 1, "percent_covered": 0.0, "percent_covered_display": "0", "missing_lines": 1, "excluded_lines": 0}, "missing_lines": [70], "excluded_lines": []}, "BaseLLMCLIAdapter.execute_cli": {"executed_lines": [], "summary": {"covered_lines": 0, "num_statements": 13, "percent_covered": 0.0, "percent_covered_display": "0", "missing_lines": 13, "excluded_lines": 0}, "missing_lines": [90, 91, 95, 97, 98, 103, 105, 106, 110, 112, 113, 116, 117], "excluded_lines": []}, "BaseLLMCLIAdapter._build_command": {"executed_lines": [], "summary": {"covered_lines": 0, "num_statements": 1, "percent_covered": 0.0, "percent_covered_display": "0", "missing_lines": 1, "excluded_lines": 0}, "missing_lines": [124], "excluded_lines": []}, "BaseLLMCLIAdapter.get_install_instructions": {"executed_lines": [], "summary": {"covered_lines": 0, "num_statements": 1, "percent_covered": 0.0, "percent_covered_display": "0", "missing_lines": 1, "excluded_lines": 0}, "missing_lines": [129], "excluded_lines": []}, "GeminiCLIAdapter.provider": {"executed_lines": [], "summary": {"covered_lines": 0, "num_statements": 1, "percent_covered": 0.0, "percent_covered_display": "0", "missing_lines": 1, "excluded_lines": 0}, "missing_lines": [142], "excluded_lines": []}, "GeminiCLIAdapter.cli_command": {"executed_lines": [], "summary": {"covered_lines": 0, "num_statements": 1, "percent_covered": 0.0, "percent_covered_display": "0", "missing_lines": 1, "excluded_lines": 0}, "missing_lines": [146], "excluded_lines": []}, "GeminiCLIAdapter._build_command": {"executed_lines": [], "summary": {"covered_lines": 0, "num_statements": 1, "percent_covered": 0.0, "percent_covered_display": "0", "missing_lines": 1, "excluded_lines": 0}, "missing_lines": [157], "excluded_lines": []}, "GeminiCLIAdapter.get_install_instructions": {"executed_lines": [], "summary": {"covered_lines": 0, "num_statements": 1, "percent_covered": 0.0, "percent_covered_display": "0", "missing_lines": 1, "excluded_lines": 0}, "missing_lines": [169], "excluded_lines": []}, "GeminiCLIAdapter.generate_summary": {"executed_lines": [], "summary": {"covered_lines": 0, "num_statements": 3, "percent_covered": 0.0, "percent_covered_display": "0", "missing_lines": 3, "excluded_lines": 0}, "missing_lines": [179, 180, 181], "excluded_lines": []}, "GeminiCLIAdapter.generate_summary_for_content": {"executed_lines": [], "summary": {"covered_lines": 0, "num_statements": 3, "percent_covered": 0.0, "percent_covered_display": "0", "missing_lines": 3, "excluded_lines": 0}, "missing_lines": [191, 192, 193], "excluded_lines": []}, "GeminiCLIAdapter.is_provider_available": {"executed_lines": [], "summary": {"covered_lines": 0, "num_statements": 1, "percent_covered": 0.0, "percent_covered_display": "0", "missing_lines": 1, "excluded_lines": 0}, "missing_lines": [197], "excluded_lines": []}, "GeminiCLIAdapter.get_available_providers": {"executed_lines": [], "summary": {"covered_lines": 0, "num_statements": 1, "percent_covered": 0.0, "percent_covered_display": "0", "missing_lines": 1, "excluded_lines": 0}, "missing_lines": [201], "excluded_lines": []}, "GeminiCLIAdapter._build_summary_prompt": {"executed_lines": [], "summary": {"covered_lines": 0, "num_statements": 1, "percent_covered": 0.0, "percent_covered_display": "0", "missing_lines": 1, "excluded_lines": 0}, "missing_lines": [207], "excluded_lines": []}, "GeminiCLIAdapter._extract_summary": {"executed_lines": [], "summary": {"covered_lines": 0, "num_statements": 8, "percent_covered": 0.0, "percent_covered_display": "0", "missing_lines": 8, "excluded_lines": 0}, "missing_lines": [226, 227, 233, 234, 237, 239, 240, 242], "excluded_lines": []}, "QwenCLIAdapter.provider": {"executed_lines": [], "summary": {"covered_lines": 0, "num_statements": 1, "percent_covered": 0.0, "percent_covered_display": "0", "missing_lines": 1, "excluded_lines": 0}, "missing_lines": [255], "excluded_lines": []}, "QwenCLIAdapter.cli_command": {"executed_lines": [], "summary": {"covered_lines": 0, "num_statements": 1, "percent_covered": 0.0, "percent_covered_display": "0", "missing_lines": 1, "excluded_lines": 0}, "missing_lines": [259], "excluded_lines": []}, "QwenCLIAdapter._build_command": {"executed_lines": [], "summary": {"covered_lines": 0, "num_statements": 1, "percent_covered": 0.0, "percent_covered_display": "0", "missing_lines": 1, "excluded_lines": 0}, "missing_lines": [270], "excluded_lines": []}, "QwenCLIAdapter.get_install_instructions": {"executed_lines": [], "summary": {"covered_lines": 0, "num_statements": 1, "percent_covered": 0.0, "percent_covered_display": "0", "missing_lines": 1, "excluded_lines": 0}, "missing_lines": [282], "excluded_lines": []}, "QwenCLIAdapter.generate_summary": {"executed_lines": [], "summary": {"covered_lines": 0, "num_statements": 3, "percent_covered": 0.0, "percent_covered_display": "0", "missing_lines": 3, "excluded_lines": 0}, "missing_lines": [290, 291, 292], "excluded_lines": []}, "QwenCLIAdapter.generate_summary_for_content": {"executed_lines": [], "summary": {"covered_lines": 0, "num_statements": 3, "percent_covered": 0.0, "percent_covered_display": "0", "missing_lines": 3, "excluded_lines": 0}, "missing_lines": [302, 303, 304], "excluded_lines": []}, "QwenCLIAdapter.is_provider_available": {"executed_lines": [], "summary": {"covered_lines": 0, "num_statements": 1, "percent_covered": 0.0, "percent_covered_display": "0", "missing_lines": 1, "excluded_lines": 0}, "missing_lines": [308], "excluded_lines": []}, "QwenCLIAdapter.get_available_providers": {"executed_lines": [], "summary": {"covered_lines": 0, "num_statements": 1, "percent_covered": 0.0, "percent_covered_display": "0", "missing_lines": 1, "excluded_lines": 0}, "missing_lines": [312], "excluded_lines": []}, "QwenCLIAdapter._build_summary_prompt": {"executed_lines": [], "summary": {"covered_lines": 0, "num_statements": 1, "percent_covered": 0.0, "percent_covered_display": "0", "missing_lines": 1, "excluded_lines": 0}, "missing_lines": [318], "excluded_lines": []}, "QwenCLIAdapter._extract_summary": {"executed_lines": [], "summary": {"covered_lines": 0, "num_statements": 8, "percent_covered": 0.0, "percent_covered_display": "0", "missing_lines": 8, "excluded_lines": 0}, "missing_lines": [336, 337, 338, 339, 341, 342, 343, 345], "excluded_lines": []}, "CopilotCLIAdapter.provider": {"executed_lines": [], "summary": {"covered_lines": 0, "num_statements": 1, "percent_covered": 0.0, "percent_covered_display": "0", "missing_lines": 1, "excluded_lines": 0}, "missing_lines": [358], "excluded_lines": []}, "CopilotCLIAdapter.cli_command": {"executed_lines": [], "summary": {"covered_lines": 0, "num_statements": 1, "percent_covered": 0.0, "percent_covered_display": "0", "missing_lines": 1, "excluded_lines": 0}, "missing_lines": [362], "excluded_lines": []}, "CopilotCLIAdapter._build_command": {"executed_lines": [], "summary": {"covered_lines": 0, "num_statements": 1, "percent_covered": 0.0, "percent_covered_display": "0", "missing_lines": 1, "excluded_lines": 0}, "missing_lines": [373], "excluded_lines": []}, "CopilotCLIAdapter.get_install_instructions": {"executed_lines": [], "summary": {"covered_lines": 0, "num_statements": 1, "percent_covered": 0.0, "percent_covered_display": "0", "missing_lines": 1, "excluded_lines": 0}, "missing_lines": [382], "excluded_lines": []}, "CopilotCLIAdapter.generate_summary": {"executed_lines": [], "summary": {"covered_lines": 0, "num_statements": 3, "percent_covered": 0.0, "percent_covered_display": "0", "missing_lines": 3, "excluded_lines": 0}, "missing_lines": [390, 391, 392], "excluded_lines": []}, "CopilotCLIAdapter.generate_summary_for_content": {"executed_lines": [], "summary": {"covered_lines": 0, "num_statements": 3, "percent_covered": 0.0, "percent_covered_display": "0", "missing_lines": 3, "excluded_lines": 0}, "missing_lines": [402, 403, 404], "excluded_lines": []}, "CopilotCLIAdapter.is_provider_available": {"executed_lines": [], "summary": {"covered_lines": 0, "num_statements": 1, "percent_covered": 0.0, "percent_covered_display": "0", "missing_lines": 1, "excluded_lines": 0}, "missing_lines": [408], "excluded_lines": []}, "CopilotCLIAdapter.get_available_providers": {"executed_lines": [], "summary": {"covered_lines": 0, "num_statements": 1, "percent_covered": 0.0, "percent_covered_display": "0", "missing_lines": 1, "excluded_lines": 0}, "missing_lines": [412], "excluded_lines": []}, "CopilotCLIAdapter._build_summary_prompt": {"executed_lines": [], "summary": {"covered_lines": 0, "num_statements": 1, "percent_covered": 0.0, "percent_covered_display": "0", "missing_lines": 1, "excluded_lines": 0}, "missing_lines": [418], "excluded_lines": []}, "CopilotCLIAdapter._extract_summary": {"executed_lines": [], "summary": {"covered_lines": 0, "num_statements": 8, "percent_covered": 0.0, "percent_covered_display": "0", "missing_lines": 8, "excluded_lines": 0}, "missing_lines": [436, 437, 438, 439, 441, 442, 443, 445], "excluded_lines": []}, "MultiProviderLLMCLIAdapter.__init__": {"executed_lines": [], "summary": {"covered_lines": 0, "num_statements": 2, "percent_covered": 0.0, "percent_covered_display": "0", "missing_lines": 2, "excluded_lines": 0}, "missing_lines": [462, 467], "excluded_lines": []}, "MultiProviderLLMCLIAdapter.generate_summary": {"executed_lines": [], "summary": {"covered_lines": 0, "num_statements": 16, "percent_covered": 0.0, "percent_covered_display": "0", "missing_lines": 16, "excluded_lines": 0}, "missing_lines": [491, 492, 494, 496, 497, 498, 499, 500, 502, 503, 504, 505, 506, 509, 510, 512], "excluded_lines": []}, "MultiProviderLLMCLIAdapter.generate_summary_for_content": {"executed_lines": [], "summary": {"covered_lines": 0, "num_statements": 16, "percent_covered": 0.0, "percent_covered_display": "0", "missing_lines": 16, "excluded_lines": 0}, "missing_lines": [525, 526, 528, 530, 531, 532, 533, 534, 536, 537, 540, 541, 542, 544, 545, 547], "excluded_lines": []}, "MultiProviderLLMCLIAdapter.is_provider_available": {"executed_lines": [], "summary": {"covered_lines": 0, "num_statements": 3, "percent_covered": 0.0, "percent_covered_display": "0", "missing_lines": 3, "excluded_lines": 0}, "missing_lines": [551, 552, 553], "excluded_lines": []}, "MultiProviderLLMCLIAdapter.get_available_providers": {"executed_lines": [], "summary": {"covered_lines": 0, "num_statements": 5, "percent_covered": 0.0, "percent_covered_display": "0", "missing_lines": 5, "excluded_lines": 0}, "missing_lines": [557, 558, 559, 560, 561], "excluded_lines": []}, "": {"executed_lines": [], "summary": {"covered_lines": 0, "num_statements": 70, "percent_covered": 0.0, "percent_covered_display": "0", "missing_lines": 70, "excluded_lines": 0}, "missing_lines": [22, 23, 24, 25, 27, 28, 31, 34, 37, 40, 43, 46, 49, 56, 57, 58, 62, 63, 64, 68, 72, 119, 120, 126, 127, 132, 140, 141, 144, 145, 148, 168, 173, 183, 195, 199, 203, 223, 245, 253, 254, 257, 258, 261, 281, 284, 294, 306, 310, 314, 334, 348, 356, 357, 360, 361, 364, 381, 384, 394, 406, 410, 414, 434, 448, 460, 473, 517, 549, 555], "excluded_lines": []}}, "classes": {"LLMCLIError": {"executed_lines": [], "summary": {"covered_lines": 0, "num_statements": 0, "percent_covered": 100.0, "percent_covered_display": "100", "missing_lines": 0, "excluded_lines": 0}, "missing_lines": [], "excluded_lines": []}, "LLMCLINotFoundError": {"executed_lines": [], "summary": {"covered_lines": 0, "num_statements": 0, "percent_covered": 100.0, "percent_covered_display": "100", "missing_lines": 0, "excluded_lines": 0}, "missing_lines": [], "excluded_lines": []}, "LLMCLIExecutionError": {"executed_lines": [], "summary": {"covered_lines": 0, "num_statements": 0, "percent_covered": 100.0, "percent_covered_display": "100", "missing_lines": 0, "excluded_lines": 0}, "missing_lines": [], "excluded_lines": []}, "BaseLLMCLIAdapter": {"executed_lines": [], "summary": {"covered_lines": 0, "num_statements": 18, "percent_covered": 0.0, "percent_covered_display": "0", "missing_lines": 18, "excluded_lines": 0}, "missing_lines": [60, 66, 70, 90, 91, 95, 97, 98, 103, 105, 106, 110, 112, 113, 116, 117, 124, 129], "excluded_lines": []}, "GeminiCLIAdapter": {"executed_lines": [], "summary": {"covered_lines": 0, "num_statements": 21, "percent_covered": 0.0, "percent_covered_display": "0", "missing_lines": 21, "excluded_lines": 0}, "missing_lines": [142, 146, 157, 169, 179, 180, 181, 191, 192, 193, 197, 201, 207, 226, 227, 233, 234, 237, 239, 240, 242], "excluded_lines": []}, "QwenCLIAdapter": {"executed_lines": [], "summary": {"covered_lines": 0, "num_statements": 21, "percent_covered": 0.0, "percent_covered_display": "0", "missing_lines": 21, "excluded_lines": 0}, "missing_lines": [255, 259, 270, 282, 290, 291, 292, 302, 303, 304, 308, 312, 318, 336, 337, 338, 339, 341, 342, 343, 345], "excluded_lines": []}, "CopilotCLIAdapter": {"executed_lines": [], "summary": {"covered_lines": 0, "num_statements": 21, "percent_covered": 0.0, "percent_covered_display": "0", "missing_lines": 21, "excluded_lines": 0}, "missing_lines": [358, 362, 373, 382, 390, 391, 392, 402, 403, 404, 408, 412, 418, 436, 437, 438, 439, 441, 442, 443, 445], "excluded_lines": []}, "MultiProviderLLMCLIAdapter": {"executed_lines": [], "summary": {"covered_lines": 0, "num_statements": 42, "percent_covered": 0.0, "percent_covered_display": "0", "missing_lines": 42, "excluded_lines": 0}, "missing_lines": [462, 467, 491, 492, 494, 496, 497, 498, 499, 500, 502, 503, 504, 505, 506, 509, 510, 512, 525, 526, 528, 530, 531, 532, 533, 534, 536, 537, 540, 541, 542, 544, 545, 547, 551, 552, 553, 557, 558, 559, 560, 561], "excluded_lines": []}, "": {"executed_lines": [], "summary": {"covered_lines": 0, "num_statements": 70, "percent_covered": 0.0, "percent_covered_display": "0", "missing_lines": 70, "excluded_lines": 0}, "missing_lines": [22, 23, 24, 25, 27, 28, 31, 34, 37, 40, 43, 46, 49, 56, 57, 58, 62, 63, 64, 68, 72, 119, 120, 126, 127, 132, 140, 141, 144, 145, 148, 168, 173, 183, 195, 199, 203, 223, 245, 253, 254, 257, 258, 261, 281, 284, 294, 306, 310, 314, 334, 348, 356, 357, 360, 361, 364, 381, 384, 394, 406, 410, 414, 434, 448, 460, 473, 517, 549, 555], "excluded_lines": []}}}, "src\\cde_orchestrator\\adapters\\filesystem_project_repository.py": {"executed_lines": [2, 26, 27, 28, 29, 30, 32, 33, 34, 36, 39, 40, 62, 64, 66, 91, 105, 106, 108, 112, 113, 118, 138, 139, 140, 149, 175, 192, 213, 214, 215, 217, 219, 222, 225, 228, 229, 230, 233, 235, 241, 266, 296, 318, 331, 333, 346, 359, 360, 361, 364, 376, 377, 389, 391], "summary": {"covered_lines": 53, "num_statements": 83, "percent_covered": 63.855421686746986, "percent_covered_display": "64", "missing_lines": 30, "excluded_lines": 2}, "missing_lines": [86, 89, 109, 110, 114, 115, 116, 143, 144, 146, 147, 169, 173, 237, 238, 239, 261, 279, 280, 282, 283, 285, 286, 287, 288, 289, 290, 393, 394, 395], "excluded_lines": [189, 190], "functions": {"FileSystemProjectRepository.__init__": {"executed_lines": [64], "summary": {"covered_lines": 1, "num_statements": 1, "percent_covered": 100.0, "percent_covered_display": "100", "missing_lines": 0, "excluded_lines": 0}, "missing_lines": [], "excluded_lines": []}, "FileSystemProjectRepository.get_by_id": {"executed_lines": [], "summary": {"covered_lines": 0, "num_statements": 2, "percent_covered": 0.0, "percent_covered_display": "0", "missing_lines": 2, "excluded_lines": 0}, "missing_lines": [86, 89], "excluded_lines": []}, "FileSystemProjectRepository.get_by_path": {"executed_lines": [105, 106, 108, 112, 113], "summary": {"covered_lines": 5, "num_statements": 10, "percent_covered": 50.0, "percent_covered_display": "50", "missing_lines": 5, "excluded_lines": 0}, "missing_lines": [109, 110, 114, 115, 116], "excluded_lines": []}, "FileSystemProjectRepository.get_or_create": {"executed_lines": [138, 139, 140], "summary": {"covered_lines": 3, "num_statements": 7, "percent_covered": 42.857142857142854, "percent_covered_display": "43", "missing_lines": 4, "excluded_lines": 0}, "missing_lines": [143, 144, 146, 147], "excluded_lines": []}, "FileSystemProjectRepository.list_all": {"executed_lines": [], "summary": {"covered_lines": 0, "num_statements": 2, "percent_covered": 0.0, "percent_covered_display": "0", "missing_lines": 2, "excluded_lines": 0}, "missing_lines": [169, 173], "excluded_lines": []}, "FileSystemProjectRepository.list_all_async": {"executed_lines": [], "summary": {"covered_lines": 0, "num_statements": 0, "percent_covered": 100.0, "percent_covered_display": "100", "missing_lines": 0, "excluded_lines": 2}, "missing_lines": [], "excluded_lines": [189, 190]}, "FileSystemProjectRepository.save": {"executed_lines": [213, 214, 215, 217, 219, 222, 225, 228, 229, 230, 233, 235], "summary": {"covered_lines": 12, "num_statements": 15, "percent_covered": 80.0, "percent_covered_display": "80", "missing_lines": 3, "excluded_lines": 0}, "missing_lines": [237, 238, 239], "excluded_lines": []}, "FileSystemProjectRepository.delete": {"executed_lines": [], "summary": {"covered_lines": 0, "num_statements": 1, "percent_covered": 0.0, "percent_covered_display": "0", "missing_lines": 1, "excluded_lines": 0}, "missing_lines": [261], "excluded_lines": []}, "FileSystemProjectRepository.delete_by_path": {"executed_lines": [], "summary": {"covered_lines": 0, "num_statements": 10, "percent_covered": 0.0, "percent_covered_display": "0", "missing_lines": 10, "excluded_lines": 0}, "missing_lines": [279, 280, 282, 283, 285, 286, 287, 288, 289, 290], "excluded_lines": []}, "FileSystemProjectRepository._serialize_project": {"executed_lines": [318], "summary": {"covered_lines": 1, "num_statements": 1, "percent_covered": 100.0, "percent_covered_display": "100", "missing_lines": 0, "excluded_lines": 0}, "missing_lines": [], "excluded_lines": []}, "FileSystemProjectRepository._serialize_feature": {"executed_lines": [333], "summary": {"covered_lines": 1, "num_statements": 1, "percent_covered": 100.0, "percent_covered_display": "100", "missing_lines": 0, "excluded_lines": 0}, "missing_lines": [], "excluded_lines": []}, "FileSystemProjectRepository._load_from_file": {"executed_lines": [359, 360, 361, 364, 376, 377, 389, 391], "summary": {"covered_lines": 8, "num_statements": 11, "percent_covered": 72.72727272727273, "percent_covered_display": "73", "missing_lines": 3, "excluded_lines": 0}, "missing_lines": [393, 394, 395], "excluded_lines": []}, "": {"executed_lines": [2, 26, 27, 28, 29, 30, 32, 33, 34, 36, 39, 40, 62, 66, 91, 118, 149, 175, 192, 241, 266, 296, 331, 346], "summary": {"covered_lines": 22, "num_statements": 22, "percent_covered": 100.0, "percent_covered_display": "100", "missing_lines": 0, "excluded_lines": 0}, "missing_lines": [], "excluded_lines": []}}, "classes": {"FileSystemProjectRepository": {"executed_lines": [64, 105, 106, 108, 112, 113, 138, 139, 140, 213, 214, 215, 217, 219, 222, 225, 228, 229, 230, 233, 235, 318, 333, 359, 360, 361, 364, 376, 377, 389, 391], "summary": {"covered_lines": 31, "num_statements": 61, "percent_covered": 50.81967213114754, "percent_covered_display": "51", "missing_lines": 30, "excluded_lines": 2}, "missing_lines": [86, 89, 109, 110, 114, 115, 116, 143, 144, 146, 147, 169, 173, 237, 238, 239, 261, 279, 280, 282, 283, 285, 286, 287, 288, 289, 290, 393, 394, 395], "excluded_lines": [189, 190]}, "": {"executed_lines": [2, 26, 27, 28, 29, 30, 32, 33, 34, 36, 39, 40, 62, 66, 91, 118, 149, 175, 192, 241, 266, 296, 331, 346], "summary": {"covered_lines": 22, "num_statements": 22, "percent_covered": 100.0, "percent_covered_display": "100", "missing_lines": 0, "excluded_lines": 0}, "missing_lines": [], "excluded_lines": []}}}, "src\\cde_orchestrator\\adapters\\mcp_tool_filesystem_generator.py": {"executed_lines": [1, 15, 16, 17, 18, 20, 23, 24, 26, 27, 28, 29, 30, 33, 34, 48, 50, 52, 67, 68, 69, 72, 75, 76, 77, 78, 81, 82, 84, 91, 101, 103, 104, 105, 107, 108, 111, 112, 113, 118, 120, 132, 133, 136, 137, 139, 140, 143, 146, 147, 149, 150, 151, 154, 155, 157, 160, 162, 166, 177, 178, 181, 193, 194, 195, 197, 199, 211, 212, 215, 231, 233, 238, 243, 244, 245, 248, 249, 250, 252, 253, 255, 257, 258, 297, 298, 300, 311, 314, 344, 345, 346, 348, 357, 358], "summary": {"covered_lines": 89, "num_statements": 94, "percent_covered": 94.68085106382979, "percent_covered_display": "95", "missing_lines": 5, "excluded_lines": 0}, "missing_lines": [109, 114, 115, 116, 141], "excluded_lines": [], "functions": {"MCPToolFilesystemGenerator.__init__": {"executed_lines": [50], "summary": {"covered_lines": 1, "num_statements": 1, "percent_covered": 100.0, "percent_covered_display": "100", "missing_lines": 0, "excluded_lines": 0}, "missing_lines": [], "excluded_lines": []}, "MCPToolFilesystemGenerator.generate": {"executed_lines": [67, 68, 69, 72, 75, 76, 77, 78, 81, 82, 84], "summary": {"covered_lines": 11, "num_statements": 11, "percent_covered": 100.0, "percent_covered_display": "100", "missing_lines": 0, "excluded_lines": 0}, "missing_lines": [], "excluded_lines": []}, "MCPToolFilesystemGenerator._discover_tools": {"executed_lines": [101, 103, 104, 105, 107, 108, 111, 112, 113, 118], "summary": {"covered_lines": 10, "num_statements": 14, "percent_covered": 71.42857142857143, "percent_covered_display": "71", "missing_lines": 4, "excluded_lines": 0}, "missing_lines": [109, 114, 115, 116], "excluded_lines": []}, "MCPToolFilesystemGenerator._extract_metadata": {"executed_lines": [132, 133, 136, 137, 139, 140, 143, 146, 147, 149, 150, 151, 154, 155, 157, 160, 162], "summary": {"covered_lines": 17, "num_statements": 18, "percent_covered": 94.44444444444444, "percent_covered_display": "94", "missing_lines": 1, "excluded_lines": 0}, "missing_lines": [141], "excluded_lines": []}, "MCPToolFilesystemGenerator._extract_tags": {"executed_lines": [177, 178, 181, 193, 194, 195, 197], "summary": {"covered_lines": 7, "num_statements": 7, "percent_covered": 100.0, "percent_covered_display": "100", "missing_lines": 0, "excluded_lines": 0}, "missing_lines": [], "excluded_lines": []}, "MCPToolFilesystemGenerator._generate_tool_file": {"executed_lines": [211, 212, 215, 231, 233, 238, 243, 244, 245, 248, 249, 250, 252, 253, 255, 257, 258, 297, 298], "summary": {"covered_lines": 19, "num_statements": 19, "percent_covered": 100.0, "percent_covered_display": "100", "missing_lines": 0, "excluded_lines": 0}, "missing_lines": [], "excluded_lines": []}, "MCPToolFilesystemGenerator._generate_init_file": {"executed_lines": [311, 314, 344, 345, 346, 348, 357, 358], "summary": {"covered_lines": 8, "num_statements": 8, "percent_covered": 100.0, "percent_covered_display": "100", "missing_lines": 0, "excluded_lines": 0}, "missing_lines": [], "excluded_lines": []}, "": {"executed_lines": [1, 15, 16, 17, 18, 20, 23, 24, 26, 27, 28, 29, 30, 33, 34, 48, 52, 91, 120, 166, 199, 300], "summary": {"covered_lines": 16, "num_statements": 16, "percent_covered": 100.0, "percent_covered_display": "100", "missing_lines": 0, "excluded_lines": 0}, "missing_lines": [], "excluded_lines": []}}, "classes": {"ToolMetadata": {"executed_lines": [], "summary": {"covered_lines": 0, "num_statements": 0, "percent_covered": 100.0, "percent_covered_display": "100", "missing_lines": 0, "excluded_lines": 0}, "missing_lines": [], "excluded_lines": []}, "MCPToolFilesystemGenerator": {"executed_lines": [50, 67, 68, 69, 72, 75, 76, 77, 78, 81, 82, 84, 101, 103, 104, 105, 107, 108, 111, 112, 113, 118, 132, 133, 136, 137, 139, 140, 143, 146, 147, 149, 150, 151, 154, 155, 157, 160, 162, 177, 178, 181, 193, 194, 195, 197, 211, 212, 215, 231, 233, 238, 243, 244, 245, 248, 249, 250, 252, 253, 255, 257, 258, 297, 298, 311, 314, 344, 345, 346, 348, 357, 358], "summary": {"covered_lines": 73, "num_statements": 78, "percent_covered": 93.58974358974359, "percent_covered_display": "94", "missing_lines": 5, "excluded_lines": 0}, "missing_lines": [109, 114, 115, 116, 141], "excluded_lines": []}, "": {"executed_lines": [1, 15, 16, 17, 18, 20, 23, 24, 26, 27, 28, 29, 30, 33, 34, 48, 52, 91, 120, 166, 199, 300], "summary": {"covered_lines": 16, "num_statements": 16, "percent_covered": 100.0, "percent_covered_display": "100", "missing_lines": 0, "excluded_lines": 0}, "missing_lines": [], "excluded_lines": []}}}, "src\\cde_orchestrator\\adapters\\mcp_tool_searcher.py": {"executed_lines": [1, 7, 8, 10, 13, 14, 28, 35, 36, 38, 57, 58, 61, 62, 70, 77, 91, 92, 94, 100, 107, 110, 111, 121, 122, 123, 124, 125, 131, 133, 145, 148, 151, 152, 155, 156, 157, 171, 174, 176, 185, 196, 199, 200, 201, 202, 203, 204, 205, 206, 207, 208, 211, 212, 213, 214, 215, 216, 217, 218, 219, 221, 223, 236, 238, 240, 242, 253], "summary": {"covered_lines": 66, "num_statements": 70, "percent_covered": 94.28571428571429, "percent_covered_display": "94", "missing_lines": 4, "excluded_lines": 0}, "missing_lines": [114, 126, 128, 129], "excluded_lines": [], "functions": {"MCPToolSearcher.__init__": {"executed_lines": [35, 36], "summary": {"covered_lines": 2, "num_statements": 2, "percent_covered": 100.0, "percent_covered_display": "100", "missing_lines": 0, "excluded_lines": 0}, "missing_lines": [], "excluded_lines": []}, "MCPToolSearcher.search": {"executed_lines": [57, 58, 61, 62, 70], "summary": {"covered_lines": 5, "num_statements": 5, "percent_covered": 100.0, "percent_covered_display": "100", "missing_lines": 0, "excluded_lines": 0}, "missing_lines": [], "excluded_lines": []}, "MCPToolSearcher.list_all": {"executed_lines": [91, 92, 94], "summary": {"covered_lines": 3, "num_statements": 3, "percent_covered": 100.0, "percent_covered_display": "100", "missing_lines": 0, "excluded_lines": 0}, "missing_lines": [], "excluded_lines": []}, "MCPToolSearcher._discover_all_tools": {"executed_lines": [107, 110, 111, 121, 122, 123, 124, 125, 131], "summary": {"covered_lines": 9, "num_statements": 13, "percent_covered": 69.23076923076923, "percent_covered_display": "69", "missing_lines": 4, "excluded_lines": 0}, "missing_lines": [114, 126, 128, 129], "excluded_lines": []}, "MCPToolSearcher._extract_tool_metadata": {"executed_lines": [145, 148, 151, 152, 155, 156, 157, 171, 174, 176], "summary": {"covered_lines": 10, "num_statements": 10, "percent_covered": 100.0, "percent_covered_display": "100", "missing_lines": 0, "excluded_lines": 0}, "missing_lines": [], "excluded_lines": []}, "MCPToolSearcher._extract_tags": {"executed_lines": [196, 199, 200, 201, 202, 203, 204, 205, 206, 207, 208, 211, 212, 213, 214, 215, 216, 217, 218, 219, 221], "summary": {"covered_lines": 21, "num_statements": 21, "percent_covered": 100.0, "percent_covered_display": "100", "missing_lines": 0, "excluded_lines": 0}, "missing_lines": [], "excluded_lines": []}, "MCPToolSearcher._format_results": {"executed_lines": [236, 238, 240, 242, 253], "summary": {"covered_lines": 5, "num_statements": 5, "percent_covered": 100.0, "percent_covered_display": "100", "missing_lines": 0, "excluded_lines": 0}, "missing_lines": [], "excluded_lines": []}, "": {"executed_lines": [1, 7, 8, 10, 13, 14, 28, 38, 77, 100, 133, 185, 223], "summary": {"covered_lines": 11, "num_statements": 11, "percent_covered": 100.0, "percent_covered_display": "100", "missing_lines": 0, "excluded_lines": 0}, "missing_lines": [], "excluded_lines": []}}, "classes": {"MCPToolSearcher": {"executed_lines": [35, 36, 57, 58, 61, 62, 70, 91, 92, 94, 107, 110, 111, 121, 122, 123, 124, 125, 131, 145, 148, 151, 152, 155, 156, 157, 171, 174, 176, 196, 199, 200, 201, 202, 203, 204, 205, 206, 207, 208, 211, 212, 213, 214, 215, 216, 217, 218, 219, 221, 236, 238, 240, 242, 253], "summary": {"covered_lines": 55, "num_statements": 59, "percent_covered": 93.22033898305085, "percent_covered_display": "93", "missing_lines": 4, "excluded_lines": 0}, "missing_lines": [114, 126, 128, 129], "exclu
[...]
4, 125, 126, 127, 130, 131, 132, 134, 137, 138, 140, 141, 146, 147, 151, 155, 168, 185, 186, 190, 194, 198, 199, 200, 203, 204, 206, 209, 210, 212, 213, 217, 218, 223, 224, 229, 237, 239, 242, 255, 258, 259, 262, 269, 270, 271, 274, 278, 279, 282, 285, 298, 301, 302, 308, 315, 316, 317, 320, 334, 337], "excluded_lines": []}}, "classes": {"SkillType": {"executed_lines": [], "summary": {"covered_lines": 0, "num_statements": 0, "percent_covered": 100.0, "percent_covered_display": "100", "missing_lines": 0, "excluded_lines": 0}, "missing_lines": [], "excluded_lines": []}, "ComplexityLevel": {"executed_lines": [], "summary": {"covered_lines": 0, "num_statements": 0, "percent_covered": 100.0, "percent_covered_display": "100", "missing_lines": 0, "excluded_lines": 0}, "missing_lines": [], "excluded_lines": []}, "SkillDomain": {"executed_lines": [], "summary": {"covered_lines": 0, "num_statements": 0, "percent_covered": 100.0, "percent_covered_display": "100", "missing_lines": 0, "excluded_lines": 0}, "missing_lines": [], "excluded_lines": []}, "SkillStatus": {"executed_lines": [], "summary": {"covered_lines": 0, "num_statements": 0, "percent_covered": 100.0, "percent_covered_display": "100", "missing_lines": 0, "excluded_lines": 0}, "missing_lines": [], "excluded_lines": []}, "SkillRequirement": {"executed_lines": [], "summary": {"covered_lines": 0, "num_statements": 0, "percent_covered": 100.0, "percent_covered_display": "100", "missing_lines": 0, "excluded_lines": 0}, "missing_lines": [], "excluded_lines": []}, "SkillRequirement.Config": {"executed_lines": [], "summary": {"covered_lines": 0, "num_statements": 0, "percent_covered": 100.0, "percent_covered_display": "100", "missing_lines": 0, "excluded_lines": 0}, "missing_lines": [], "excluded_lines": []}, "UpdateNote": {"executed_lines": [], "summary": {"covered_lines": 0, "num_statements": 0, "percent_covered": 100.0, "percent_covered_display": "100", "missing_lines": 0, "excluded_lines": 0}, "missing_lines": [], "excluded_lines": []}, "UpdateNote.Config": {"executed_lines": [], "summary": {"covered_lines": 0, "num_statements": 0, "percent_covered": 100.0, "percent_covered_display": "100", "missing_lines": 0, "excluded_lines": 0}, "missing_lines": [], "excluded_lines": []}, "BaseSkill": {"executed_lines": [], "summary": {"covered_lines": 0, "num_statements": 8, "percent_covered": 0.0, "percent_covered_display": "0", "missing_lines": 8, "excluded_lines": 0}, "missing_lines": [143, 144, 149, 153, 157, 163, 164, 165], "excluded_lines": []}, "BaseSkill.Config": {"executed_lines": [], "summary": {"covered_lines": 0, "num_statements": 0, "percent_covered": 100.0, "percent_covered_display": "100", "missing_lines": 0, "excluded_lines": 0}, "missing_lines": [], "excluded_lines": []}, "EphemeralSkill": {"executed_lines": [], "summary": {"covered_lines": 0, "num_statements": 4, "percent_covered": 0.0, "percent_covered_display": "0", "missing_lines": 4, "excluded_lines": 0}, "missing_lines": [215, 220, 221, 226], "excluded_lines": []}, "EphemeralSkill.Config": {"executed_lines": [], "summary": {"covered_lines": 0, "num_statements": 0, "percent_covered": 100.0, "percent_covered_display": "100", "missing_lines": 0, "excluded_lines": 0}, "missing_lines": [], "excluded_lines": []}, "SkillSearchResult": {"executed_lines": [], "summary": {"covered_lines": 0, "num_statements": 0, "percent_covered": 100.0, "percent_covered_display": "100", "missing_lines": 0, "excluded_lines": 0}, "missing_lines": [], "excluded_lines": []}, "SkillMetadata": {"executed_lines": [], "summary": {"covered_lines": 0, "num_statements": 0, "percent_covered": 100.0, "percent_covered_display": "100", "missing_lines": 0, "excluded_lines": 0}, "missing_lines": [], "excluded_lines": []}, "SkillMetadata.Config": {"executed_lines": [], "summary": {"covered_lines": 0, "num_statements": 0, "percent_covered": 100.0, "percent_covered_display": "100", "missing_lines": 0, "excluded_lines": 0}, "missing_lines": [], "excluded_lines": []}, "SkillGenerationRequest": {"executed_lines": [], "summary": {"covered_lines": 0, "num_statements": 0, "percent_covered": 100.0, "percent_covered_display": "100", "missing_lines": 0, "excluded_lines": 0}, "missing_lines": [], "excluded_lines": []}, "SkillGenerationResponse": {"executed_lines": [], "summary": {"covered_lines": 0, "num_statements": 0, "percent_covered": 100.0, "percent_covered_display": "100", "missing_lines": 0, "excluded_lines": 0}, "missing_lines": [], "excluded_lines": []}, "SkillIndexEntry": {"executed_lines": [], "summary": {"covered_lines": 0, "num_statements": 0, "percent_covered": 100.0, "percent_covered_display": "100", "missing_lines": 0, "excluded_lines": 0}, "missing_lines": [], "excluded_lines": []}, "SkillIndexEntry.Config": {"executed_lines": [], "summary": {"covered_lines": 0, "num_statements": 0, "percent_covered": 100.0, "percent_covered_display": "100", "missing_lines": 0, "excluded_lines": 0}, "missing_lines": [], "excluded_lines": []}, "SkillUpdateRequest": {"executed_lines": [], "summary": {"covered_lines": 0, "num_statements": 0, "percent_covered": 100.0, "percent_covered_display": "100", "missing_lines": 0, "excluded_lines": 0}, "missing_lines": [], "excluded_lines": []}, "SkillStats": {"executed_lines": [], "summary": {"covered_lines": 0, "num_statements": 0, "percent_covered": 100.0, "percent_covered_display": "100", "missing_lines": 0, "excluded_lines": 0}, "missing_lines": [], "excluded_lines": []}, "SkillStats.Config": {"executed_lines": [], "summary": {"covered_lines": 0, "num_statements": 0, "percent_covered": 100.0, "percent_covered_display": "100", "missing_lines": 0, "excluded_lines": 0}, "missing_lines": [], "excluded_lines": []}, "": {"executed_lines": [], "summary": {"covered_lines": 0, "num_statements": 106, "percent_covered": 0.0, "percent_covered_display": "0", "missing_lines": 106, "excluded_lines": 0}, "missing_lines": [8, 9, 10, 11, 13, 16, 19, 20, 23, 26, 27, 28, 29, 32, 35, 36, 37, 38, 39, 40, 41, 42, 43, 44, 47, 50, 51, 52, 53, 56, 67, 70, 73, 76, 87, 89, 92, 95, 107, 111, 112, 113, 118, 120, 121, 124, 125, 126, 127, 130, 131, 132, 134, 137, 138, 140, 141, 146, 147, 151, 155, 168, 185, 186, 190, 194, 198, 199, 200, 203, 204, 206, 209, 210, 212, 213, 217, 218, 223, 224, 229, 237, 239, 242, 255, 258, 259, 262, 269, 270, 271, 274, 278, 279, 282, 285, 298, 301, 302, 308, 315, 316, 317, 320, 334, 337], "excluded_lines": []}}}, "src\\cde_orchestrator\\skills\\storage.py": {"executed_lines": [], "summary": {"covered_lines": 0, "num_statements": 135, "percent_covered": 0.0, "percent_covered_display": "0", "missing_lines": 135, "excluded_lines": 0}, "missing_lines": [8, 9, 10, 11, 13, 16, 40, 47, 49, 51, 52, 53, 54, 55, 58, 59, 62, 64, 65, 67, 68, 69, 70, 71, 73, 75, 77, 78, 79, 83, 85, 87, 88, 95, 105, 106, 109, 110, 111, 114, 115, 116, 119, 130, 132, 134, 144, 145, 148, 149, 150, 153, 154, 155, 158, 169, 171, 173, 183, 184, 185, 187, 188, 189, 191, 201, 202, 203, 205, 206, 207, 209, 219, 220, 221, 224, 226, 229, 230, 232, 234, 244, 245, 246, 249, 251, 254, 255, 257, 259, 266, 267, 268, 269, 270, 271, 272, 285, 287, 294, 295, 296, 297, 298, 299, 300, 313, 315, 322, 323, 324, 325, 326, 327, 328, 329, 330, 332, 345, 346, 349, 350, 351, 356, 359, 360, 361, 366, 368, 370, 377, 378, 380, 381, 383], "excluded_lines": [], "functions": {"SkillStorageAdapter.__init__": {"executed_lines": [], "summary": {"covered_lines": 0, "num_statements": 10, "percent_covered": 0.0, "percent_covered_display": "0", "missing_lines": 10, "excluded_lines": 0}, "missing_lines": [47, 49, 51, 52, 53, 54, 55, 58, 59, 62], "excluded_lines": []}, "SkillStorageAdapter._find_cde_root": {"executed_lines": [], "summary": {"covered_lines": 0, "num_statements": 6, "percent_covered": 0.0, "percent_covered_display": "0", "missing_lines": 6, "excluded_lines": 0}, "missing_lines": [67, 68, 69, 70, 71, 73], "excluded_lines": []}, "SkillStorageAdapter._load_index": {"executed_lines": [], "summary": {"covered_lines": 0, "num_statements": 4, "percent_covered": 0.0, "percent_covered_display": "0", "missing_lines": 4, "excluded_lines": 0}, "missing_lines": [77, 78, 79, 83], "excluded_lines": []}, "SkillStorageAdapter._save_index": {"executed_lines": [], "summary": {"covered_lines": 0, "num_statements": 2, "percent_covered": 0.0, "percent_covered_display": "0", "missing_lines": 2, "excluded_lines": 0}, "missing_lines": [87, 88], "excluded_lines": []}, "SkillStorageAdapter.save_base_skill": {"executed_lines": [], "summary": {"covered_lines": 0, "num_statements": 11, "percent_covered": 0.0, "percent_covered_display": "0", "missing_lines": 11, "excluded_lines": 0}, "missing_lines": [105, 106, 109, 110, 111, 114, 115, 116, 119, 130, 132], "excluded_lines": []}, "SkillStorageAdapter.save_ephemeral_skill": {"executed_lines": [], "summary": {"covered_lines": 0, "num_statements": 11, "percent_covered": 0.0, "percent_covered_display": "0", "missing_lines": 11, "excluded_lines": 0}, "missing_lines": [144, 145, 148, 149, 150, 153, 154, 155, 158, 169, 171], "excluded_lines": []}, "SkillStorageAdapter.load_base_skill": {"executed_lines": [], "summary": {"covered_lines": 0, "num_statements": 6, "percent_covered": 0.0, "percent_covered_display": "0", "missing_lines": 6, "excluded_lines": 0}, "missing_lines": [183, 184, 185, 187, 188, 189], "excluded_lines": []}, "SkillStorageAdapter.load_ephemeral_skill": {"executed_lines": [], "summary": {"covered_lines": 0, "num_statements": 6, "percent_covered": 0.0, "percent_covered_display": "0", "missing_lines": 6, "excluded_lines": 0}, "missing_lines": [201, 202, 203, 205, 206, 207], "excluded_lines": []}, "SkillStorageAdapter.delete_base_skill": {"executed_lines": [], "summary": {"covered_lines": 0, "num_statements": 8, "percent_covered": 0.0, "percent_covered_display": "0", "missing_lines": 8, "excluded_lines": 0}, "missing_lines": [219, 220, 221, 224, 226, 229, 230, 232], "excluded_lines": []}, "SkillStorageAdapter.delete_ephemeral_skill": {"executed_lines": [], "summary": {"covered_lines": 0, "num_statements": 8, "percent_covered": 0.0, "percent_covered_display": "0", "missing_lines": 8, "excluded_lines": 0}, "missing_lines": [244, 245, 246, 249, 251, 254, 255, 257], "excluded_lines": []}, "SkillStorageAdapter.list_base_skills": {"executed_lines": [], "summary": {"covered_lines": 0, "num_statements": 8, "percent_covered": 0.0, "percent_covered_display": "0", "missing_lines": 8, "excluded_lines": 0}, "missing_lines": [266, 267, 268, 269, 270, 271, 272, 285], "excluded_lines": []}, "SkillStorageAdapter.list_ephemeral_skills": {"executed_lines": [], "summary": {"covered_lines": 0, "num_statements": 8, "percent_covered": 0.0, "percent_covered_display": "0", "missing_lines": 8, "excluded_lines": 0}, "missing_lines": [294, 295, 296, 297, 298, 299, 300, 313], "excluded_lines": []}, "SkillStorageAdapter.cleanup_expired_ephemeral_skills": {"executed_lines": [], "summary": {"covered_lines": 0, "num_statements": 9, "percent_covered": 0.0, "percent_covered_display": "0", "missing_lines": 9, "excluded_lines": 0}, "missing_lines": [322, 323, 324, 325, 326, 327, 328, 329, 330], "excluded_lines": []}, "SkillStorageAdapter.search_skills": {"executed_lines": [], "summary": {"covered_lines": 0, "num_statements": 11, "percent_covered": 0.0, "percent_covered_display": "0", "missing_lines": 11, "excluded_lines": 0}, "missing_lines": [345, 346, 349, 350, 351, 356, 359, 360, 361, 366, 368], "excluded_lines": []}, "SkillStorageAdapter.get_storage_stats": {"executed_lines": [], "summary": {"covered_lines": 0, "num_statements": 5, "percent_covered": 0.0, "percent_covered_display": "0", "missing_lines": 5, "excluded_lines": 0}, "missing_lines": [377, 378, 380, 381, 383], "excluded_lines": []}, "": {"executed_lines": [], "summary": {"covered_lines": 0, "num_statements": 22, "percent_covered": 0.0, "percent_covered_display": "0", "missing_lines": 22, "excluded_lines": 0}, "missing_lines": [8, 9, 10, 11, 13, 16, 40, 64, 65, 75, 85, 95, 134, 173, 191, 209, 234, 259, 287, 315, 332, 370], "excluded_lines": []}}, "classes": {"SkillStorageAdapter": {"executed_lines": [], "summary": {"covered_lines": 0, "num_statements": 113, "percent_covered": 0.0, "percent_covered_display": "0", "missing_lines": 113, "excluded_lines": 0}, "missing_lines": [47, 49, 51, 52, 53, 54, 55, 58, 59, 62, 67, 68, 69, 70, 71, 73, 77, 78, 79, 83, 87, 88, 105, 106, 109, 110, 111, 114, 115, 116, 119, 130, 132, 144, 145, 148, 149, 150, 153, 154, 155, 158, 169, 171, 183, 184, 185, 187, 188, 189, 201, 202, 203, 205, 206, 207, 219, 220, 221, 224, 226, 229, 230, 232, 244, 245, 246, 249, 251, 254, 255, 257, 266, 267, 268, 269, 270, 271, 272, 285, 294, 295, 296, 297, 298, 299, 300, 313, 322, 323, 324, 325, 326, 327, 328, 329, 330, 345, 346, 349, 350, 351, 356, 359, 360, 361, 366, 368, 377, 378, 380, 381, 383], "excluded_lines": []}, "": {"executed_lines": [], "summary": {"covered_lines": 0, "num_statements": 22, "percent_covered": 0.0, "percent_covered_display": "0", "missing_lines": 22, "excluded_lines": 0}, "missing_lines": [8, 9, 10, 11, 13, 16, 40, 64, 65, 75, 85, 95, 134, 173, 191, 209, 234, 259, 287, 315, 332, 370], "excluded_lines": []}}}, "src\\cde_orchestrator\\ui\\__init__.py": {"executed_lines": [], "summary": {"covered_lines": 0, "num_statements": 2, "percent_covered": 0.0, "percent_covered_display": "0", "missing_lines": 2, "excluded_lines": 0}, "missing_lines": [9, 11], "excluded_lines": [], "functions": {"": {"executed_lines": [], "summary": {"covered_lines": 0, "num_statements": 2, "percent_covered": 0.0, "percent_covered_display": "0", "missing_lines": 2, "excluded_lines": 0}, "missing_lines": [9, 11], "excluded_lines": []}}, "classes": {"": {"executed_lines": [], "summary": {"covered_lines": 0, "num_statements": 2, "percent_covered": 0.0, "percent_covered_display": "0", "missing_lines": 2, "excluded_lines": 0}, "missing_lines": [9, 11], "excluded_lines": []}}}, "src\\cde_orchestrator\\ui\\system_notifications.py": {"executed_lines": [], "summary": {"covered_lines": 0, "num_statements": 89, "percent_covered": 0.0, "percent_covered_display": "0", "missing_lines": 89, "excluded_lines": 0}, "missing_lines": [12, 13, 14, 17, 35, 36, 37, 40, 43, 44, 46, 47, 48, 49, 50, 51, 52, 56, 63, 64, 66, 67, 73, 75, 77, 88, 89, 92, 93, 95, 96, 97, 103, 104, 106, 114, 115, 117, 118, 124, 125, 127, 135, 136, 138, 140, 142, 148, 149, 151, 153, 155, 157, 158, 159, 160, 161, 162, 163, 164, 166, 168, 171, 172, 176, 179, 187, 188, 189, 193, 203, 204, 205, 206, 208, 209, 210, 211, 213, 219, 221, 222, 225, 226, 227, 229, 231, 235, 249], "excluded_lines": [], "functions": {"SystemNotifier.__init__": {"executed_lines": [], "summary": {"covered_lines": 0, "num_statements": 12, "percent_covered": 0.0, "percent_covered_display": "0", "missing_lines": 12, "excluded_lines": 0}, "missing_lines": [36, 37, 40, 43, 44, 46, 47, 48, 49, 50, 51, 52], "excluded_lines": []}, "SystemNotifier.notify_start": {"executed_lines": [], "summary": {"covered_lines": 0, "num_statements": 6, "percent_covered": 0.0, "percent_covered_display": "0", "missing_lines": 6, "excluded_lines": 0}, "missing_lines": [63, 64, 66, 67, 73, 75], "excluded_lines": []}, "SystemNotifier.notify_progress": {"executed_lines": [], "summary": {"covered_lines": 0, "num_statements": 9, "percent_covered": 0.0, "percent_covered_display": "0", "missing_lines": 9, "excluded_lines": 0}, "missing_lines": [88, 89, 92, 93, 95, 96, 97, 103, 104], "excluded_lines": []}, "SystemNotifier.notify_complete": {"executed_lines": [], "summary": {"covered_lines": 0, "num_statements": 6, "percent_covered": 0.0, "percent_covered_display": "0", "missing_lines": 6, "excluded_lines": 0}, "missing_lines": [114, 115, 117, 118, 124, 125], "excluded_lines": []}, "SystemNotifier.notify_error": {"executed_lines": [], "summary": {"covered_lines": 0, "num_statements": 7, "percent_covered": 0.0, "percent_covered_display": "0", "missing_lines": 7, "excluded_lines": 0}, "missing_lines": [135, 136, 138, 140, 142, 148, 149], "excluded_lines": []}, "SystemNotifier._should_notify": {"executed_lines": [], "summary": {"covered_lines": 0, "num_statements": 1, "percent_covered": 0.0, "percent_covered_display": "0", "missing_lines": 1, "excluded_lines": 0}, "missing_lines": [153], "excluded_lines": []}, "SystemNotifier._get_emoji": {"executed_lines": [], "summary": {"covered_lines": 0, "num_statements": 9, "percent_covered": 0.0, "percent_covered_display": "0", "missing_lines": 9, "excluded_lines": 0}, "missing_lines": [157, 158, 159, 160, 161, 162, 163, 164, 166], "excluded_lines": []}, "SystemNotifier._log_error": {"executed_lines": [], "summary": {"covered_lines": 0, "num_statements": 2, "percent_covered": 0.0, "percent_covered_display": "0", "missing_lines": 2, "excluded_lines": 0}, "missing_lines": [171, 172], "excluded_lines": []}, "get_notifier": {"executed_lines": [], "summary": {"covered_lines": 0, "num_statements": 3, "percent_covered": 0.0, "percent_covered_display": "0", "missing_lines": 3, "excluded_lines": 0}, "missing_lines": [187, 188, 189], "excluded_lines": []}, "NotificationContext.__init__": {"executed_lines": [], "summary": {"covered_lines": 0, "num_statements": 3, "percent_covered": 0.0, "percent_covered_display": "0", "missing_lines": 3, "excluded_lines": 0}, "missing_lines": [204, 205, 206], "excluded_lines": []}, "NotificationContext.__enter__": {"executed_lines": [], "summary": {"covered_lines": 0, "num_statements": 3, "percent_covered": 0.0, "percent_covered_display": "0", "missing_lines": 3, "excluded_lines": 0}, "missing_lines": [209, 210, 211], "excluded_lines": []}, "NotificationContext.__exit__": {"executed_lines": [], "summary": {"covered_lines": 0, "num_statements": 6, "percent_covered": 0.0, "percent_covered_display": "0", "missing_lines": 6, "excluded_lines": 0}, "missing_lines": [219, 221, 222, 225, 226, 227], "excluded_lines": []}, "NotificationContext.update": {"executed_lines": [], "summary": {"covered_lines": 0, "num_statements": 1, "percent_covered": 0.0, "percent_covered_display": "0", "missing_lines": 1, "excluded_lines": 0}, "missing_lines": [231], "excluded_lines": []}, "notify_context": {"executed_lines": [], "summary": {"covered_lines": 0, "num_statements": 1, "percent_covered": 0.0, "percent_covered_display": "0", "missing_lines": 1, "excluded_lines": 0}, "missing_lines": [249], "excluded_lines": []}, "": {"executed_lines": [], "summary": {"covered_lines": 0, "num_statements": 20, "percent_covered": 0.0, "percent_covered_display": "0", "missing_lines": 20, "excluded_lines": 0}, "missing_lines": [12, 13, 14, 17, 35, 56, 77, 106, 127, 151, 155, 168, 176, 179, 193, 203, 208, 213, 229, 235], "excluded_lines": []}}, "classes": {"SystemNotifier": {"executed_lines": [], "summary": {"covered_lines": 0, "num_statements": 52, "percent_covered": 0.0, "percent_covered_display": "0", "missing_lines": 52, "excluded_lines": 0}, "missing_lines": [36, 37, 40, 43, 44, 46, 47, 48, 49, 50, 51, 52, 63, 64, 66, 67, 73, 75, 88, 89, 92, 93, 95, 96, 97, 103, 104, 114, 115, 117, 118, 124, 125, 135, 136, 138, 140, 142, 148, 149, 153, 157, 158, 159, 160, 161, 162, 163, 164, 166, 171, 172], "excluded_lines": []}, "NotificationContext": {"executed_lines": [], "summary": {"covered_lines": 0, "num_statements": 13, "percent_covered": 0.0, "percent_covered_display": "0", "missing_lines": 13, "excluded_lines": 0}, "missing_lines": [204, 205, 206, 209, 210, 211, 219, 221, 222, 225, 226, 227, 231], "excluded_lines": []}, "": {"executed_lines": [], "summary": {"covered_lines": 0, "num_statements": 24, "percent_covered": 0.0, "percent_covered_display": "0", "missing_lines": 24, "excluded_lines": 0}, "missing_lines": [12, 13, 14, 17, 35, 56, 77, 106, 127, 151, 155, 168, 176, 179, 187, 188, 189, 193, 203, 208, 213, 229, 235, 249], "excluded_lines": []}}}}, "totals": {"covered_lines": 2882, "num_statements": 5031, "percent_covered": 57.284834029020075, "percent_covered_display": "57", "missing_lines": 2149, "excluded_lines": 5}}
